{"/home/james/Documents/WS/consultManagement-WB/server.js": {"path":"/home/james/Documents/WS/consultManagement-WB/server.js","statementMap":{"0":{"start":{"line":4,"column":0},"end":{"line":4,"column":16}},"1":{"start":{"line":18,"column":15},"end":{"line":18,"column":94}},"2":{"start":{"line":22,"column":0},"end":{"line":22,"column":14}},"3":{"start":{"line":24,"column":19},"end":{"line":24,"column":28}},"4":{"start":{"line":25,"column":13},"end":{"line":25,"column":29}},"5":{"start":{"line":27,"column":0},"end":{"line":27,"column":24}},"6":{"start":{"line":30,"column":0},"end":{"line":30,"column":33}},"7":{"start":{"line":31,"column":0},"end":{"line":31,"column":33}},"8":{"start":{"line":32,"column":0},"end":{"line":32,"column":27}},"9":{"start":{"line":34,"column":0},"end":{"line":44,"column":1}},"10":{"start":{"line":35,"column":2},"end":{"line":35,"column":48}},"11":{"start":{"line":37,"column":2},"end":{"line":39,"column":5}},"12":{"start":{"line":38,"column":4},"end":{"line":38,"column":40}},"13":{"start":{"line":41,"column":2},"end":{"line":43,"column":5}},"14":{"start":{"line":42,"column":4},"end":{"line":42,"column":57}},"15":{"start":{"line":46,"column":23},"end":{"line":49,"column":1}},"16":{"start":{"line":47,"column":21},"end":{"line":47,"column":47}},"17":{"start":{"line":48,"column":2},"end":{"line":48,"column":29}},"18":{"start":{"line":51,"column":0},"end":{"line":51,"column":24}},"19":{"start":{"line":54,"column":0},"end":{"line":56,"column":3}},"20":{"start":{"line":55,"column":2},"end":{"line":55,"column":90}},"21":{"start":{"line":57,"column":0},"end":{"line":57,"column":36}},"22":{"start":{"line":59,"column":0},"end":{"line":59,"column":16}},"23":{"start":{"line":60,"column":0},"end":{"line":60,"column":22}},"24":{"start":{"line":62,"column":0},"end":{"line":66,"column":1}},"25":{"start":{"line":63,"column":2},"end":{"line":65,"column":5}},"26":{"start":{"line":64,"column":4},"end":{"line":64,"column":65}}},"fnMap":{"0":{"name":"(anonymous_0)","decl":{"start":{"line":37,"column":33},"end":{"line":37,"column":34}},"loc":{"start":{"line":37,"column":39},"end":{"line":39,"column":3}},"line":37},"1":{"name":"(anonymous_1)","decl":{"start":{"line":41,"column":34},"end":{"line":41,"column":35}},"loc":{"start":{"line":41,"column":43},"end":{"line":43,"column":3}},"line":41},"2":{"name":"(anonymous_2)","decl":{"start":{"line":46,"column":23},"end":{"line":46,"column":24}},"loc":{"start":{"line":46,"column":43},"end":{"line":49,"column":1}},"line":46},"3":{"name":"(anonymous_3)","decl":{"start":{"line":54,"column":19},"end":{"line":54,"column":20}},"loc":{"start":{"line":54,"column":33},"end":{"line":56,"column":1}},"line":54},"4":{"name":"(anonymous_4)","decl":{"start":{"line":63,"column":19},"end":{"line":63,"column":20}},"loc":{"start":{"line":63,"column":25},"end":{"line":65,"column":3}},"line":63}},"branchMap":{"0":{"loc":{"start":{"line":34,"column":0},"end":{"line":44,"column":1}},"type":"if","locations":[{"start":{"line":34,"column":0},"end":{"line":44,"column":1}},{"start":{},"end":{}}],"line":34},"1":{"loc":{"start":{"line":62,"column":0},"end":{"line":66,"column":1}},"type":"if","locations":[{"start":{"line":62,"column":0},"end":{"line":66,"column":1}},{"start":{},"end":{}}],"line":62}},"s":{"0":33,"1":33,"2":33,"3":33,"4":33,"5":33,"6":33,"7":33,"8":33,"9":33,"10":0,"11":0,"12":0,"13":0,"14":0,"15":33,"16":132,"17":132,"18":33,"19":33,"20":0,"21":33,"22":33,"23":33,"24":33,"25":0,"26":0},"f":{"0":0,"1":0,"2":132,"3":0,"4":0},"b":{"0":[0,33],"1":[0,33]},"_coverageSchema":"1a1c01bbd47fc00a2c39e90264f33305004495a9","hash":"e22dcad926ba8617ffa30fcbcc29d8245151b82b"}
,"/home/james/Documents/WS/consultManagement-WB/jest/jest.setup.js": {"path":"/home/james/Documents/WS/consultManagement-WB/jest/jest.setup.js","statementMap":{"0":{"start":{"line":6,"column":23},"end":{"line":11,"column":1}},"1":{"start":{"line":7,"column":4},"end":{"line":7,"column":45}},"2":{"start":{"line":8,"column":16},"end":{"line":8,"column":30}},"3":{"start":{"line":10,"column":4},"end":{"line":10,"column":36}},"4":{"start":{"line":13,"column":29},"end":{"line":17,"column":1}},"5":{"start":{"line":14,"column":4},"end":{"line":14,"column":45}},"6":{"start":{"line":15,"column":4},"end":{"line":15,"column":38}},"7":{"start":{"line":16,"column":4},"end":{"line":16,"column":23}},"8":{"start":{"line":19,"column":29},"end":{"line":26,"column":1}},"9":{"start":{"line":20,"column":24},"end":{"line":20,"column":55}},"10":{"start":{"line":22,"column":4},"end":{"line":25,"column":5}},"11":{"start":{"line":23,"column":27},"end":{"line":23,"column":43}},"12":{"start":{"line":24,"column":8},"end":{"line":24,"column":38}}},"fnMap":{"0":{"name":"(anonymous_0)","decl":{"start":{"line":6,"column":23},"end":{"line":6,"column":24}},"loc":{"start":{"line":6,"column":35},"end":{"line":11,"column":1}},"line":6},"1":{"name":"(anonymous_1)","decl":{"start":{"line":13,"column":29},"end":{"line":13,"column":30}},"loc":{"start":{"line":13,"column":41},"end":{"line":17,"column":1}},"line":13},"2":{"name":"(anonymous_2)","decl":{"start":{"line":19,"column":29},"end":{"line":19,"column":30}},"loc":{"start":{"line":19,"column":41},"end":{"line":26,"column":1}},"line":19}},"branchMap":{},"s":{"0":32,"1":32,"2":32,"3":32,"4":32,"5":32,"6":32,"7":32,"8":32,"9":126,"10":126,"11":630,"12":630},"f":{"0":32,"1":32,"2":126},"b":{},"_coverageSchema":"1a1c01bbd47fc00a2c39e90264f33305004495a9","hash":"839dfc4a4ba570fdebaba58cd3c8a24e98affd07"}
,"/home/james/Documents/WS/consultManagement-WB/src/application/controllers/authController.js": {"path":"/home/james/Documents/WS/consultManagement-WB/src/application/controllers/authController.js","statementMap":{"0":{"start":{"line":7,"column":57},"end":{"line":7,"column":65}},"1":{"start":{"line":9,"column":23},"end":{"line":9,"column":85}},"2":{"start":{"line":10,"column":8},"end":{"line":12,"column":9}},"3":{"start":{"line":11,"column":12},"end":{"line":11,"column":64}},"4":{"start":{"line":14,"column":4},"end":{"line":22,"column":5}},"5":{"start":{"line":15,"column":32},"end":{"line":15,"column":99}},"6":{"start":{"line":16,"column":8},"end":{"line":16,"column":46}},"7":{"start":{"line":18,"column":8},"end":{"line":20,"column":9}},"8":{"start":{"line":19,"column":12},"end":{"line":19,"column":141}},"9":{"start":{"line":21,"column":8},"end":{"line":21,"column":20}},"10":{"start":{"line":26,"column":32},"end":{"line":26,"column":40}},"11":{"start":{"line":28,"column":23},"end":{"line":28,"column":57}},"12":{"start":{"line":29,"column":4},"end":{"line":31,"column":5}},"13":{"start":{"line":30,"column":8},"end":{"line":30,"column":61}},"14":{"start":{"line":33,"column":4},"end":{"line":41,"column":5}},"15":{"start":{"line":34,"column":32},"end":{"line":34,"column":71}},"16":{"start":{"line":35,"column":8},"end":{"line":35,"column":46}},"17":{"start":{"line":37,"column":8},"end":{"line":39,"column":9}},"18":{"start":{"line":38,"column":12},"end":{"line":38,"column":138}},"19":{"start":{"line":40,"column":8},"end":{"line":40,"column":20}}},"fnMap":{"0":{"name":"registerController","decl":{"start":{"line":6,"column":22},"end":{"line":6,"column":40}},"loc":{"start":{"line":6,"column":57},"end":{"line":23,"column":1}},"line":6},"1":{"name":"loginController","decl":{"start":{"line":25,"column":22},"end":{"line":25,"column":37}},"loc":{"start":{"line":25,"column":54},"end":{"line":42,"column":1}},"line":25}},"branchMap":{"0":{"loc":{"start":{"line":10,"column":8},"end":{"line":12,"column":9}},"type":"if","locations":[{"start":{"line":10,"column":8},"end":{"line":12,"column":9}},{"start":{},"end":{}}],"line":10},"1":{"loc":{"start":{"line":18,"column":8},"end":{"line":20,"column":9}},"type":"if","locations":[{"start":{"line":18,"column":8},"end":{"line":20,"column":9}},{"start":{},"end":{}}],"line":18},"2":{"loc":{"start":{"line":29,"column":4},"end":{"line":31,"column":5}},"type":"if","locations":[{"start":{"line":29,"column":4},"end":{"line":31,"column":5}},{"start":{},"end":{}}],"line":29},"3":{"loc":{"start":{"line":37,"column":8},"end":{"line":39,"column":9}},"type":"if","locations":[{"start":{"line":37,"column":8},"end":{"line":39,"column":9}},{"start":{},"end":{}}],"line":37}},"s":{"0":8,"1":8,"2":8,"3":4,"4":4,"5":4,"6":3,"7":1,"8":1,"9":1,"10":7,"11":7,"12":7,"13":1,"14":6,"15":6,"16":3,"17":2,"18":2,"19":2},"f":{"0":8,"1":7},"b":{"0":[4,4],"1":[1,0],"2":[1,6],"3":[2,0]},"_coverageSchema":"1a1c01bbd47fc00a2c39e90264f33305004495a9","hash":"947f09725fd8abe64673867a27bfed81fbba2fc2"}
,"/home/james/Documents/WS/consultManagement-WB/src/application/controllers/consultController.js": {"path":"/home/james/Documents/WS/consultManagement-WB/src/application/controllers/consultController.js","statementMap":{"0":{"start":{"line":15,"column":62},"end":{"line":15,"column":70}},"1":{"start":{"line":17,"column":23},"end":{"line":17,"column":89}},"2":{"start":{"line":19,"column":8},"end":{"line":21,"column":9}},"3":{"start":{"line":20,"column":12},"end":{"line":20,"column":65}},"4":{"start":{"line":23,"column":4},"end":{"line":28,"column":5}},"5":{"start":{"line":24,"column":24},"end":{"line":24,"column":60}},"6":{"start":{"line":25,"column":8},"end":{"line":25,"column":38}},"7":{"start":{"line":27,"column":8},"end":{"line":27,"column":20}},"8":{"start":{"line":32,"column":19},"end":{"line":32,"column":29}},"9":{"start":{"line":33,"column":62},"end":{"line":33,"column":70}},"10":{"start":{"line":35,"column":23},"end":{"line":35,"column":89}},"11":{"start":{"line":37,"column":8},"end":{"line":39,"column":9}},"12":{"start":{"line":38,"column":12},"end":{"line":38,"column":65}},"13":{"start":{"line":40,"column":4},"end":{"line":48,"column":5}},"14":{"start":{"line":41,"column":24},"end":{"line":41,"column":68}},"15":{"start":{"line":42,"column":8},"end":{"line":44,"column":9}},"16":{"start":{"line":43,"column":12},"end":{"line":43,"column":64}},"17":{"start":{"line":45,"column":8},"end":{"line":45,"column":38}},"18":{"start":{"line":47,"column":8},"end":{"line":47,"column":20}},"19":{"start":{"line":52,"column":19},"end":{"line":52,"column":29}},"20":{"start":{"line":53,"column":4},"end":{"line":63,"column":5}},"21":{"start":{"line":54,"column":22},"end":{"line":54,"column":56}},"22":{"start":{"line":56,"column":7},"end":{"line":58,"column":8}},"23":{"start":{"line":57,"column":12},"end":{"line":57,"column":64}},"24":{"start":{"line":60,"column":8},"end":{"line":60,"column":30}},"25":{"start":{"line":62,"column":8},"end":{"line":62,"column":20}},"26":{"start":{"line":67,"column":4},"end":{"line":72,"column":5}},"27":{"start":{"line":68,"column":25},"end":{"line":68,"column":53}},"28":{"start":{"line":69,"column":8},"end":{"line":69,"column":39}},"29":{"start":{"line":71,"column":8},"end":{"line":71,"column":20}},"30":{"start":{"line":76,"column":21},"end":{"line":76,"column":31}},"31":{"start":{"line":77,"column":4},"end":{"line":82,"column":5}},"32":{"start":{"line":78,"column":25},"end":{"line":78,"column":60}},"33":{"start":{"line":79,"column":8},"end":{"line":79,"column":39}},"34":{"start":{"line":81,"column":8},"end":{"line":81,"column":20}},"35":{"start":{"line":86,"column":25},"end":{"line":86,"column":35}},"36":{"start":{"line":87,"column":4},"end":{"line":92,"column":5}},"37":{"start":{"line":88,"column":25},"end":{"line":88,"column":68}},"38":{"start":{"line":89,"column":8},"end":{"line":89,"column":39}},"39":{"start":{"line":91,"column":8},"end":{"line":91,"column":20}},"40":{"start":{"line":96,"column":19},"end":{"line":96,"column":29}},"41":{"start":{"line":97,"column":4},"end":{"line":106,"column":5}},"42":{"start":{"line":98,"column":24},"end":{"line":98,"column":55}},"43":{"start":{"line":100,"column":8},"end":{"line":102,"column":9}},"44":{"start":{"line":101,"column":12},"end":{"line":101,"column":64}},"45":{"start":{"line":103,"column":8},"end":{"line":103,"column":38}},"46":{"start":{"line":105,"column":8},"end":{"line":105,"column":20}},"47":{"start":{"line":110,"column":26},"end":{"line":110,"column":36}},"48":{"start":{"line":111,"column":4},"end":{"line":116,"column":5}},"49":{"start":{"line":112,"column":25},"end":{"line":112,"column":70}},"50":{"start":{"line":113,"column":8},"end":{"line":113,"column":39}},"51":{"start":{"line":115,"column":8},"end":{"line":115,"column":20}}},"fnMap":{"0":{"name":"createConsultController","decl":{"start":{"line":14,"column":22},"end":{"line":14,"column":45}},"loc":{"start":{"line":14,"column":62},"end":{"line":29,"column":1}},"line":14},"1":{"name":"updateConsultByIdController","decl":{"start":{"line":31,"column":22},"end":{"line":31,"column":49}},"loc":{"start":{"line":31,"column":66},"end":{"line":49,"column":1}},"line":31},"2":{"name":"deleteConsultByIdController","decl":{"start":{"line":51,"column":22},"end":{"line":51,"column":49}},"loc":{"start":{"line":51,"column":66},"end":{"line":64,"column":1}},"line":51},"3":{"name":"getAllConsultController","decl":{"start":{"line":66,"column":22},"end":{"line":66,"column":45}},"loc":{"start":{"line":66,"column":62},"end":{"line":73,"column":1}},"line":66},"4":{"name":"getConsultByDateController","decl":{"start":{"line":75,"column":22},"end":{"line":75,"column":48}},"loc":{"start":{"line":75,"column":65},"end":{"line":83,"column":1}},"line":75},"5":{"name":"getConsultByDoctorIdController","decl":{"start":{"line":85,"column":22},"end":{"line":85,"column":52}},"loc":{"start":{"line":85,"column":69},"end":{"line":93,"column":1}},"line":85},"6":{"name":"getConsultByIdController","decl":{"start":{"line":95,"column":22},"end":{"line":95,"column":46}},"loc":{"start":{"line":95,"column":63},"end":{"line":107,"column":1}},"line":95},"7":{"name":"getConsultByPatientIdController","decl":{"start":{"line":109,"column":22},"end":{"line":109,"column":53}},"loc":{"start":{"line":109,"column":70},"end":{"line":117,"column":1}},"line":109}},"branchMap":{"0":{"loc":{"start":{"line":19,"column":8},"end":{"line":21,"column":9}},"type":"if","locations":[{"start":{"line":19,"column":8},"end":{"line":21,"column":9}},{"start":{},"end":{}}],"line":19},"1":{"loc":{"start":{"line":37,"column":8},"end":{"line":39,"column":9}},"type":"if","locations":[{"start":{"line":37,"column":8},"end":{"line":39,"column":9}},{"start":{},"end":{}}],"line":37},"2":{"loc":{"start":{"line":42,"column":8},"end":{"line":44,"column":9}},"type":"if","locations":[{"start":{"line":42,"column":8},"end":{"line":44,"column":9}},{"start":{},"end":{}}],"line":42},"3":{"loc":{"start":{"line":56,"column":7},"end":{"line":58,"column":8}},"type":"if","locations":[{"start":{"line":56,"column":7},"end":{"line":58,"column":8}},{"start":{},"end":{}}],"line":56},"4":{"loc":{"start":{"line":100,"column":8},"end":{"line":102,"column":9}},"type":"if","locations":[{"start":{"line":100,"column":8},"end":{"line":102,"column":9}},{"start":{},"end":{}}],"line":100}},"s":{"0":8,"1":8,"2":8,"3":4,"4":4,"5":4,"6":2,"7":2,"8":4,"9":4,"10":4,"11":4,"12":0,"13":4,"14":4,"15":1,"16":0,"17":1,"18":3,"19":2,"20":2,"21":2,"22":1,"23":0,"24":1,"25":1,"26":3,"27":3,"28":2,"29":1,"30":2,"31":2,"32":2,"33":2,"34":0,"35":3,"36":3,"37":3,"38":2,"39":1,"40":2,"41":2,"42":2,"43":2,"44":1,"45":1,"46":0,"47":3,"48":3,"49":3,"50":2,"51":1},"f":{"0":8,"1":4,"2":2,"3":3,"4":2,"5":3,"6":2,"7":3},"b":{"0":[4,4],"1":[0,4],"2":[0,1],"3":[0,1],"4":[1,1]},"_coverageSchema":"1a1c01bbd47fc00a2c39e90264f33305004495a9","hash":"a560b958dbe816da374756b0f6e46730929d61c0"}
,"/home/james/Documents/WS/consultManagement-WB/src/application/controllers/doctorController.js": {"path":"/home/james/Documents/WS/consultManagement-WB/src/application/controllers/doctorController.js","statementMap":{"0":{"start":{"line":14,"column":32},"end":{"line":14,"column":40}},"1":{"start":{"line":16,"column":23},"end":{"line":16,"column":58}},"2":{"start":{"line":18,"column":4},"end":{"line":20,"column":5}},"3":{"start":{"line":19,"column":8},"end":{"line":19,"column":61}},"4":{"start":{"line":21,"column":4},"end":{"line":26,"column":5}},"5":{"start":{"line":22,"column":23},"end":{"line":22,"column":69}},"6":{"start":{"line":23,"column":8},"end":{"line":23,"column":37}},"7":{"start":{"line":25,"column":8},"end":{"line":25,"column":20}},"8":{"start":{"line":30,"column":19},"end":{"line":30,"column":29}},"9":{"start":{"line":31,"column":32},"end":{"line":31,"column":40}},"10":{"start":{"line":33,"column":23},"end":{"line":33,"column":58}},"11":{"start":{"line":35,"column":4},"end":{"line":37,"column":5}},"12":{"start":{"line":36,"column":8},"end":{"line":36,"column":61}},"13":{"start":{"line":39,"column":4},"end":{"line":47,"column":5}},"14":{"start":{"line":40,"column":23},"end":{"line":40,"column":73}},"15":{"start":{"line":41,"column":8},"end":{"line":43,"column":9}},"16":{"start":{"line":42,"column":12},"end":{"line":42,"column":63}},"17":{"start":{"line":44,"column":8},"end":{"line":44,"column":37}},"18":{"start":{"line":46,"column":8},"end":{"line":46,"column":20}},"19":{"start":{"line":51,"column":19},"end":{"line":51,"column":29}},"20":{"start":{"line":53,"column":4},"end":{"line":61,"column":5}},"21":{"start":{"line":54,"column":23},"end":{"line":54,"column":52}},"22":{"start":{"line":55,"column":8},"end":{"line":57,"column":9}},"23":{"start":{"line":56,"column":12},"end":{"line":56,"column":63}},"24":{"start":{"line":58,"column":8},"end":{"line":58,"column":30}},"25":{"start":{"line":60,"column":8},"end":{"line":60,"column":20}},"26":{"start":{"line":65,"column":4},"end":{"line":70,"column":5}},"27":{"start":{"line":66,"column":23},"end":{"line":66,"column":51}},"28":{"start":{"line":67,"column":8},"end":{"line":67,"column":37}},"29":{"start":{"line":69,"column":8},"end":{"line":69,"column":20}},"30":{"start":{"line":74,"column":19},"end":{"line":74,"column":29}},"31":{"start":{"line":75,"column":4},"end":{"line":85,"column":5}},"32":{"start":{"line":76,"column":23},"end":{"line":76,"column":53}},"33":{"start":{"line":78,"column":8},"end":{"line":80,"column":9}},"34":{"start":{"line":79,"column":12},"end":{"line":79,"column":63}},"35":{"start":{"line":82,"column":8},"end":{"line":82,"column":37}},"36":{"start":{"line":84,"column":8},"end":{"line":84,"column":20}},"37":{"start":{"line":89,"column":21},"end":{"line":89,"column":31}},"38":{"start":{"line":91,"column":4},"end":{"line":101,"column":5}},"39":{"start":{"line":92,"column":23},"end":{"line":92,"column":57}},"40":{"start":{"line":94,"column":8},"end":{"line":96,"column":9}},"41":{"start":{"line":95,"column":12},"end":{"line":95,"column":64}},"42":{"start":{"line":98,"column":8},"end":{"line":98,"column":37}},"43":{"start":{"line":100,"column":8},"end":{"line":100,"column":20}},"44":{"start":{"line":105,"column":26},"end":{"line":105,"column":36}},"45":{"start":{"line":106,"column":4},"end":{"line":116,"column":5}},"46":{"start":{"line":107,"column":23},"end":{"line":107,"column":67}},"47":{"start":{"line":109,"column":8},"end":{"line":111,"column":9}},"48":{"start":{"line":110,"column":12},"end":{"line":110,"column":64}},"49":{"start":{"line":113,"column":8},"end":{"line":113,"column":37}},"50":{"start":{"line":115,"column":8},"end":{"line":115,"column":20}}},"fnMap":{"0":{"name":"createDoctorHandler","decl":{"start":{"line":13,"column":22},"end":{"line":13,"column":41}},"loc":{"start":{"line":13,"column":58},"end":{"line":27,"column":3}},"line":13},"1":{"name":"updateDoctorHandler","decl":{"start":{"line":29,"column":24},"end":{"line":29,"column":43}},"loc":{"start":{"line":29,"column":60},"end":{"line":48,"column":3}},"line":29},"2":{"name":"deleteDoctorHandler","decl":{"start":{"line":50,"column":24},"end":{"line":50,"column":43}},"loc":{"start":{"line":50,"column":60},"end":{"line":62,"column":3}},"line":50},"3":{"name":"listDoctorsHandler","decl":{"start":{"line":64,"column":24},"end":{"line":64,"column":42}},"loc":{"start":{"line":64,"column":59},"end":{"line":71,"column":3}},"line":64},"4":{"name":"getDoctorByIdHandler","decl":{"start":{"line":73,"column":24},"end":{"line":73,"column":44}},"loc":{"start":{"line":73,"column":61},"end":{"line":86,"column":3}},"line":73},"5":{"name":"findDoctorByNameHandler","decl":{"start":{"line":88,"column":24},"end":{"line":88,"column":47}},"loc":{"start":{"line":88,"column":63},"end":{"line":102,"column":3}},"line":88},"6":{"name":"listDoctorsBySpecialtyHandler","decl":{"start":{"line":104,"column":24},"end":{"line":104,"column":53}},"loc":{"start":{"line":104,"column":69},"end":{"line":117,"column":3}},"line":104}},"branchMap":{"0":{"loc":{"start":{"line":18,"column":4},"end":{"line":20,"column":5}},"type":"if","locations":[{"start":{"line":18,"column":4},"end":{"line":20,"column":5}},{"start":{},"end":{}}],"line":18},"1":{"loc":{"start":{"line":35,"column":4},"end":{"line":37,"column":5}},"type":"if","locations":[{"start":{"line":35,"column":4},"end":{"line":37,"column":5}},{"start":{},"end":{}}],"line":35},"2":{"loc":{"start":{"line":41,"column":8},"end":{"line":43,"column":9}},"type":"if","locations":[{"start":{"line":41,"column":8},"end":{"line":43,"column":9}},{"start":{},"end":{}}],"line":41},"3":{"loc":{"start":{"line":55,"column":8},"end":{"line":57,"column":9}},"type":"if","locations":[{"start":{"line":55,"column":8},"end":{"line":57,"column":9}},{"start":{},"end":{}}],"line":55},"4":{"loc":{"start":{"line":78,"column":8},"end":{"line":80,"column":9}},"type":"if","locations":[{"start":{"line":78,"column":8},"end":{"line":80,"column":9}},{"start":{},"end":{}}],"line":78},"5":{"loc":{"start":{"line":94,"column":8},"end":{"line":96,"column":9}},"type":"if","locations":[{"start":{"line":94,"column":8},"end":{"line":96,"column":9}},{"start":{},"end":{}}],"line":94},"6":{"loc":{"start":{"line":109,"column":8},"end":{"line":111,"column":9}},"type":"if","locations":[{"start":{"line":109,"column":8},"end":{"line":111,"column":9}},{"start":{},"end":{}}],"line":109}},"s":{"0":3,"1":3,"2":3,"3":2,"4":1,"5":1,"6":1,"7":0,"8":3,"9":3,"10":3,"11":3,"12":2,"13":1,"14":1,"15":1,"16":0,"17":1,"18":0,"19":3,"20":3,"21":3,"22":2,"23":1,"24":1,"25":1,"26":3,"27":3,"28":2,"29":1,"30":2,"31":2,"32":2,"33":2,"34":1,"35":1,"36":0,"37":2,"38":2,"39":2,"40":2,"41":0,"42":2,"43":0,"44":3,"45":3,"46":3,"47":2,"48":0,"49":2,"50":1},"f":{"0":3,"1":3,"2":3,"3":3,"4":2,"5":2,"6":3},"b":{"0":[2,1],"1":[2,1],"2":[0,1],"3":[1,1],"4":[1,1],"5":[0,2],"6":[0,2]},"_coverageSchema":"1a1c01bbd47fc00a2c39e90264f33305004495a9","hash":"deb6317e204979c53cb28c62d04c59f66e83335d"}
,"/home/james/Documents/WS/consultManagement-WB/src/application/controllers/patientController.js": {"path":"/home/james/Documents/WS/consultManagement-WB/src/application/controllers/patientController.js","statementMap":{"0":{"start":{"line":13,"column":26},"end":{"line":13,"column":34}},"1":{"start":{"line":15,"column":23},"end":{"line":15,"column":53}},"2":{"start":{"line":17,"column":4},"end":{"line":19,"column":5}},"3":{"start":{"line":18,"column":8},"end":{"line":18,"column":61}},"4":{"start":{"line":21,"column":4},"end":{"line":26,"column":5}},"5":{"start":{"line":22,"column":23},"end":{"line":22,"column":64}},"6":{"start":{"line":23,"column":8},"end":{"line":23,"column":37}},"7":{"start":{"line":25,"column":8},"end":{"line":25,"column":20}},"8":{"start":{"line":30,"column":19},"end":{"line":30,"column":29}},"9":{"start":{"line":31,"column":26},"end":{"line":31,"column":34}},"10":{"start":{"line":33,"column":23},"end":{"line":33,"column":53}},"11":{"start":{"line":35,"column":4},"end":{"line":37,"column":5}},"12":{"start":{"line":36,"column":8},"end":{"line":36,"column":61}},"13":{"start":{"line":39,"column":4},"end":{"line":47,"column":5}},"14":{"start":{"line":40,"column":23},"end":{"line":40,"column":68}},"15":{"start":{"line":41,"column":8},"end":{"line":43,"column":9}},"16":{"start":{"line":42,"column":12},"end":{"line":42,"column":64}},"17":{"start":{"line":44,"column":8},"end":{"line":44,"column":37}},"18":{"start":{"line":46,"column":8},"end":{"line":46,"column":20}},"19":{"start":{"line":51,"column":19},"end":{"line":51,"column":29}},"20":{"start":{"line":53,"column":4},"end":{"line":61,"column":5}},"21":{"start":{"line":54,"column":23},"end":{"line":54,"column":53}},"22":{"start":{"line":55,"column":8},"end":{"line":57,"column":9}},"23":{"start":{"line":56,"column":12},"end":{"line":56,"column":64}},"24":{"start":{"line":58,"column":8},"end":{"line":58,"column":30}},"25":{"start":{"line":60,"column":8},"end":{"line":60,"column":20}},"26":{"start":{"line":65,"column":4},"end":{"line":70,"column":5}},"27":{"start":{"line":66,"column":23},"end":{"line":66,"column":52}},"28":{"start":{"line":67,"column":8},"end":{"line":67,"column":37}},"29":{"start":{"line":69,"column":8},"end":{"line":69,"column":20}},"30":{"start":{"line":74,"column":19},"end":{"line":74,"column":29}},"31":{"start":{"line":75,"column":4},"end":{"line":85,"column":5}},"32":{"start":{"line":76,"column":23},"end":{"line":76,"column":54}},"33":{"start":{"line":78,"column":8},"end":{"line":80,"column":9}},"34":{"start":{"line":79,"column":12},"end":{"line":79,"column":64}},"35":{"start":{"line":82,"column":8},"end":{"line":82,"column":37}},"36":{"start":{"line":84,"column":8},"end":{"line":84,"column":20}},"37":{"start":{"line":89,"column":21},"end":{"line":89,"column":31}},"38":{"start":{"line":91,"column":4},"end":{"line":101,"column":5}},"39":{"start":{"line":92,"column":23},"end":{"line":92,"column":58}},"40":{"start":{"line":94,"column":8},"end":{"line":96,"column":9}},"41":{"start":{"line":95,"column":12},"end":{"line":95,"column":65}},"42":{"start":{"line":98,"column":8},"end":{"line":98,"column":37}},"43":{"start":{"line":100,"column":8},"end":{"line":100,"column":20}},"44":{"start":{"line":105,"column":20},"end":{"line":105,"column":30}},"45":{"start":{"line":107,"column":4},"end":{"line":117,"column":5}},"46":{"start":{"line":108,"column":23},"end":{"line":108,"column":56}},"47":{"start":{"line":110,"column":8},"end":{"line":112,"column":9}},"48":{"start":{"line":111,"column":12},"end":{"line":111,"column":65}},"49":{"start":{"line":114,"column":8},"end":{"line":114,"column":37}},"50":{"start":{"line":116,"column":8},"end":{"line":116,"column":20}}},"fnMap":{"0":{"name":"createPatientHandler","decl":{"start":{"line":12,"column":22},"end":{"line":12,"column":42}},"loc":{"start":{"line":12,"column":59},"end":{"line":27,"column":3}},"line":12},"1":{"name":"updatePatientHandler","decl":{"start":{"line":29,"column":24},"end":{"line":29,"column":44}},"loc":{"start":{"line":29,"column":61},"end":{"line":48,"column":3}},"line":29},"2":{"name":"deletePatientHandler","decl":{"start":{"line":50,"column":24},"end":{"line":50,"column":44}},"loc":{"start":{"line":50,"column":61},"end":{"line":62,"column":3}},"line":50},"3":{"name":"listPatientsHandler","decl":{"start":{"line":64,"column":24},"end":{"line":64,"column":43}},"loc":{"start":{"line":64,"column":60},"end":{"line":71,"column":3}},"line":64},"4":{"name":"getPatientByIdHandler","decl":{"start":{"line":73,"column":24},"end":{"line":73,"column":45}},"loc":{"start":{"line":73,"column":62},"end":{"line":86,"column":3}},"line":73},"5":{"name":"findPatientByNameHandler","decl":{"start":{"line":88,"column":24},"end":{"line":88,"column":48}},"loc":{"start":{"line":88,"column":64},"end":{"line":102,"column":3}},"line":88},"6":{"name":"listPatientsByAgeHandler","decl":{"start":{"line":104,"column":24},"end":{"line":104,"column":48}},"loc":{"start":{"line":104,"column":64},"end":{"line":118,"column":3}},"line":104}},"branchMap":{"0":{"loc":{"start":{"line":17,"column":4},"end":{"line":19,"column":5}},"type":"if","locations":[{"start":{"line":17,"column":4},"end":{"line":19,"column":5}},{"start":{},"end":{}}],"line":17},"1":{"loc":{"start":{"line":35,"column":4},"end":{"line":37,"column":5}},"type":"if","locations":[{"start":{"line":35,"column":4},"end":{"line":37,"column":5}},{"start":{},"end":{}}],"line":35},"2":{"loc":{"start":{"line":41,"column":8},"end":{"line":43,"column":9}},"type":"if","locations":[{"start":{"line":41,"column":8},"end":{"line":43,"column":9}},{"start":{},"end":{}}],"line":41},"3":{"loc":{"start":{"line":55,"column":8},"end":{"line":57,"column":9}},"type":"if","locations":[{"start":{"line":55,"column":8},"end":{"line":57,"column":9}},{"start":{},"end":{}}],"line":55},"4":{"loc":{"start":{"line":78,"column":8},"end":{"line":80,"column":9}},"type":"if","locations":[{"start":{"line":78,"column":8},"end":{"line":80,"column":9}},{"start":{},"end":{}}],"line":78},"5":{"loc":{"start":{"line":94,"column":8},"end":{"line":96,"column":9}},"type":"if","locations":[{"start":{"line":94,"column":8},"end":{"line":96,"column":9}},{"start":{},"end":{}}],"line":94},"6":{"loc":{"start":{"line":110,"column":8},"end":{"line":112,"column":9}},"type":"if","locations":[{"start":{"line":110,"column":8},"end":{"line":112,"column":9}},{"start":{},"end":{}}],"line":110}},"s":{"0":3,"1":3,"2":3,"3":2,"4":1,"5":1,"6":1,"7":0,"8":3,"9":3,"10":3,"11":3,"12":2,"13":1,"14":1,"15":1,"16":0,"17":1,"18":0,"19":3,"20":3,"21":3,"22":2,"23":1,"24":1,"25":1,"26":3,"27":3,"28":2,"29":1,"30":2,"31":2,"32":2,"33":2,"34":1,"35":1,"36":0,"37":2,"38":2,"39":2,"40":2,"41":0,"42":2,"43":0,"44":3,"45":3,"46":3,"47":2,"48":0,"49":2,"50":1},"f":{"0":3,"1":3,"2":3,"3":3,"4":2,"5":2,"6":3},"b":{"0":[2,1],"1":[2,1],"2":[0,1],"3":[1,1],"4":[1,1],"5":[0,2],"6":[0,2]},"_coverageSchema":"1a1c01bbd47fc00a2c39e90264f33305004495a9","hash":"ce067c231c5c8f085aedd8ab5c043f3c295963ef"}
,"/home/james/Documents/WS/consultManagement-WB/src/application/controllers/requestController.js": {"path":"/home/james/Documents/WS/consultManagement-WB/src/application/controllers/requestController.js","statementMap":{"0":{"start":{"line":5,"column":4},"end":{"line":15,"column":5}},"1":{"start":{"line":6,"column":28},"end":{"line":6,"column":36}},"2":{"start":{"line":7,"column":27},"end":{"line":7,"column":66}},"3":{"start":{"line":8,"column":8},"end":{"line":8,"column":41}},"4":{"start":{"line":10,"column":8},"end":{"line":14,"column":9}},"5":{"start":{"line":11,"column":12},"end":{"line":11,"column":59}},"6":{"start":{"line":13,"column":12},"end":{"line":13,"column":24}},"7":{"start":{"line":19,"column":4},"end":{"line":25,"column":5}},"8":{"start":{"line":20,"column":23},"end":{"line":20,"column":33}},"9":{"start":{"line":21,"column":24},"end":{"line":21,"column":55}},"10":{"start":{"line":22,"column":8},"end":{"line":22,"column":38}},"11":{"start":{"line":24,"column":8},"end":{"line":24,"column":20}},"12":{"start":{"line":29,"column":4},"end":{"line":34,"column":5}},"13":{"start":{"line":30,"column":25},"end":{"line":30,"column":52}},"14":{"start":{"line":31,"column":8},"end":{"line":31,"column":39}},"15":{"start":{"line":33,"column":8},"end":{"line":33,"column":20}}},"fnMap":{"0":{"name":"createRequestController","decl":{"start":{"line":4,"column":22},"end":{"line":4,"column":45}},"loc":{"start":{"line":4,"column":62},"end":{"line":16,"column":1}},"line":4},"1":{"name":"getRequestByIdController","decl":{"start":{"line":18,"column":22},"end":{"line":18,"column":46}},"loc":{"start":{"line":18,"column":63},"end":{"line":26,"column":1}},"line":18},"2":{"name":"listRequestsController","decl":{"start":{"line":28,"column":22},"end":{"line":28,"column":44}},"loc":{"start":{"line":28,"column":61},"end":{"line":35,"column":1}},"line":28}},"branchMap":{"0":{"loc":{"start":{"line":10,"column":8},"end":{"line":14,"column":9}},"type":"if","locations":[{"start":{"line":10,"column":8},"end":{"line":14,"column":9}},{"start":{"line":12,"column":15},"end":{"line":14,"column":9}}],"line":10}},"s":{"0":0,"1":0,"2":0,"3":0,"4":0,"5":0,"6":0,"7":0,"8":0,"9":0,"10":0,"11":0,"12":0,"13":0,"14":0,"15":0},"f":{"0":0,"1":0,"2":0},"b":{"0":[0,0]},"_coverageSchema":"1a1c01bbd47fc00a2c39e90264f33305004495a9","hash":"aea8931d16d806f648d3daacc09c8f3498f03d88"}
,"/home/james/Documents/WS/consultManagement-WB/src/application/controllers/userController.js": {"path":"/home/james/Documents/WS/consultManagement-WB/src/application/controllers/userController.js","statementMap":{"0":{"start":{"line":22,"column":4},"end":{"line":33,"column":5}},"1":{"start":{"line":23,"column":21},"end":{"line":23,"column":50}},"2":{"start":{"line":24,"column":22},"end":{"line":24,"column":53}},"3":{"start":{"line":26,"column":22},"end":{"line":26,"column":59}},"4":{"start":{"line":27,"column":8},"end":{"line":27,"column":36}},"5":{"start":{"line":29,"column":8},"end":{"line":31,"column":9}},"6":{"start":{"line":30,"column":12},"end":{"line":30,"column":139}},"7":{"start":{"line":32,"column":8},"end":{"line":32,"column":20}},"8":{"start":{"line":37,"column":4},"end":{"line":46,"column":5}},"9":{"start":{"line":38,"column":23},"end":{"line":38,"column":33}},"10":{"start":{"line":39,"column":21},"end":{"line":39,"column":49}},"11":{"start":{"line":40,"column":8},"end":{"line":40,"column":35}},"12":{"start":{"line":42,"column":8},"end":{"line":44,"column":9}},"13":{"start":{"line":43,"column":12},"end":{"line":43,"column":141}},"14":{"start":{"line":45,"column":8},"end":{"line":45,"column":20}},"15":{"start":{"line":50,"column":4},"end":{"line":62,"column":5}},"16":{"start":{"line":51,"column":25},"end":{"line":51,"column":35}},"17":{"start":{"line":52,"column":21},"end":{"line":52,"column":50}},"18":{"start":{"line":53,"column":22},"end":{"line":53,"column":53}},"19":{"start":{"line":55,"column":22},"end":{"line":55,"column":67}},"20":{"start":{"line":56,"column":8},"end":{"line":56,"column":36}},"21":{"start":{"line":58,"column":8},"end":{"line":60,"column":9}},"22":{"start":{"line":59,"column":12},"end":{"line":59,"column":144}},"23":{"start":{"line":61,"column":8},"end":{"line":61,"column":20}},"24":{"start":{"line":66,"column":4},"end":{"line":75,"column":5}},"25":{"start":{"line":67,"column":26},"end":{"line":67,"column":36}},"26":{"start":{"line":68,"column":21},"end":{"line":68,"column":55}},"27":{"start":{"line":69,"column":8},"end":{"line":69,"column":35}},"28":{"start":{"line":71,"column":8},"end":{"line":73,"column":9}},"29":{"start":{"line":72,"column":12},"end":{"line":72,"column":145}},"30":{"start":{"line":74,"column":8},"end":{"line":74,"column":20}},"31":{"start":{"line":79,"column":4},"end":{"line":96,"column":5}},"32":{"start":{"line":80,"column":25},"end":{"line":80,"column":35}},"33":{"start":{"line":81,"column":21},"end":{"line":81,"column":50}},"34":{"start":{"line":82,"column":22},"end":{"line":82,"column":53}},"35":{"start":{"line":84,"column":27},"end":{"line":84,"column":49}},"36":{"start":{"line":85,"column":8},"end":{"line":87,"column":9}},"37":{"start":{"line":86,"column":12},"end":{"line":86,"column":65}},"38":{"start":{"line":89,"column":22},"end":{"line":89,"column":67}},"39":{"start":{"line":90,"column":8},"end":{"line":90,"column":36}},"40":{"start":{"line":92,"column":8},"end":{"line":94,"column":9}},"41":{"start":{"line":93,"column":12},"end":{"line":93,"column":145}},"42":{"start":{"line":95,"column":8},"end":{"line":95,"column":20}},"43":{"start":{"line":100,"column":4},"end":{"line":148,"column":5}},"44":{"start":{"line":101,"column":23},"end":{"line":101,"column":33}},"45":{"start":{"line":102,"column":38},"end":{"line":102,"column":46}},"46":{"start":{"line":103,"column":26},"end":{"line":103,"column":34}},"47":{"start":{"line":105,"column":8},"end":{"line":107,"column":9}},"48":{"start":{"line":106,"column":12},"end":{"line":106,"column":76}},"49":{"start":{"line":110,"column":21},"end":{"line":110,"column":49}},"50":{"start":{"line":111,"column":8},"end":{"line":113,"column":9}},"51":{"start":{"line":112,"column":12},"end":{"line":112,"column":61}},"52":{"start":{"line":116,"column":8},"end":{"line":118,"column":9}},"53":{"start":{"line":117,"column":12},"end":{"line":117,"column":120}},"54":{"start":{"line":121,"column":8},"end":{"line":123,"column":9}},"55":{"start":{"line":122,"column":12},"end":{"line":122,"column":90}},"56":{"start":{"line":125,"column":8},"end":{"line":127,"column":9}},"57":{"start":{"line":126,"column":12},"end":{"line":126,"column":63}},"58":{"start":{"line":129,"column":8},"end":{"line":131,"column":9}},"59":{"start":{"line":130,"column":12},"end":{"line":130,"column":62}},"60":{"start":{"line":134,"column":8},"end":{"line":139,"column":9}},"61":{"start":{"line":135,"column":32},"end":{"line":135,"column":68}},"62":{"start":{"line":136,"column":12},"end":{"line":138,"column":13}},"63":{"start":{"line":137,"column":16},"end":{"line":137,"column":71}},"64":{"start":{"line":141,"column":28},"end":{"line":141,"column":78}},"65":{"start":{"line":142,"column":8},"end":{"line":142,"column":42}},"66":{"start":{"line":144,"column":8},"end":{"line":146,"column":9}},"67":{"start":{"line":145,"column":12},"end":{"line":145,"column":140}},"68":{"start":{"line":147,"column":8},"end":{"line":147,"column":20}},"69":{"start":{"line":152,"column":4},"end":{"line":161,"column":5}},"70":{"start":{"line":153,"column":23},"end":{"line":153,"column":33}},"71":{"start":{"line":154,"column":21},"end":{"line":154,"column":48}},"72":{"start":{"line":155,"column":8},"end":{"line":155,"column":77}},"73":{"start":{"line":157,"column":8},"end":{"line":159,"column":9}},"74":{"start":{"line":158,"column":12},"end":{"line":158,"column":140}},"75":{"start":{"line":160,"column":8},"end":{"line":160,"column":20}},"76":{"start":{"line":165,"column":4},"end":{"line":198,"column":5}},"77":{"start":{"line":166,"column":23},"end":{"line":166,"column":33}},"78":{"start":{"line":167,"column":49},"end":{"line":167,"column":57}},"79":{"start":{"line":170,"column":26},"end":{"line":170,"column":34}},"80":{"start":{"line":171,"column":8},"end":{"line":173,"column":9}},"81":{"start":{"line":172,"column":12},"end":{"line":172,"column":76}},"82":{"start":{"line":175,"column":21},"end":{"line":175,"column":49}},"83":{"start":{"line":178,"column":8},"end":{"line":180,"column":9}},"84":{"start":{"line":179,"column":12},"end":{"line":179,"column":61}},"85":{"start":{"line":182,"column":8},"end":{"line":184,"column":9}},"86":{"start":{"line":183,"column":12},"end":{"line":183,"column":117}},"87":{"start":{"line":186,"column":27},"end":{"line":186,"column":102}},"88":{"start":{"line":187,"column":8},"end":{"line":189,"column":9}},"89":{"start":{"line":188,"column":12},"end":{"line":188,"column":65}},"90":{"start":{"line":191,"column":28},"end":{"line":191,"column":116}},"91":{"start":{"line":192,"column":8},"end":{"line":192,"column":94}},"92":{"start":{"line":194,"column":8},"end":{"line":196,"column":9}},"93":{"start":{"line":195,"column":12},"end":{"line":195,"column":144}},"94":{"start":{"line":197,"column":8},"end":{"line":197,"column":20}}},"fnMap":{"0":{"name":"listUsersHandler","decl":{"start":{"line":21,"column":22},"end":{"line":21,"column":38}},"loc":{"start":{"line":21,"column":55},"end":{"line":34,"column":1}},"line":21},"1":{"name":"getUserByIdHandler","decl":{"start":{"line":36,"column":22},"end":{"line":36,"column":40}},"loc":{"start":{"line":36,"column":57},"end":{"line":47,"column":1}},"line":36},"2":{"name":"findUserByNameHandler","decl":{"start":{"line":49,"column":22},"end":{"line":49,"column":43}},"loc":{"start":{"line":49,"column":60},"end":{"line":63,"column":1}},"line":49},"3":{"name":"findUserByEmailHandler","decl":{"start":{"line":65,"column":22},"end":{"line":65,"column":44}},"loc":{"start":{"line":65,"column":61},"end":{"line":76,"column":1}},"line":65},"4":{"name":"listUsersByRoleHandler","decl":{"start":{"line":78,"column":22},"end":{"line":78,"column":44}},"loc":{"start":{"line":78,"column":61},"end":{"line":97,"column":1}},"line":78},"5":{"name":"updateUserHandler","decl":{"start":{"line":99,"column":22},"end":{"line":99,"column":39}},"loc":{"start":{"line":99,"column":56},"end":{"line":149,"column":1}},"line":99},"6":{"name":"deleteUserHandler","decl":{"start":{"line":151,"column":22},"end":{"line":151,"column":39}},"loc":{"start":{"line":151,"column":56},"end":{"line":162,"column":1}},"line":151},"7":{"name":"changePasswordHandler","decl":{"start":{"line":164,"column":22},"end":{"line":164,"column":43}},"loc":{"start":{"line":164,"column":60},"end":{"line":199,"column":1}},"line":164}},"branchMap":{"0":{"loc":{"start":{"line":23,"column":21},"end":{"line":23,"column":50}},"type":"binary-expr","locations":[{"start":{"line":23,"column":21},"end":{"line":23,"column":45}},{"start":{"line":23,"column":49},"end":{"line":23,"column":50}}],"line":23},"1":{"loc":{"start":{"line":24,"column":22},"end":{"line":24,"column":53}},"type":"binary-expr","locations":[{"start":{"line":24,"column":22},"end":{"line":24,"column":47}},{"start":{"line":24,"column":51},"end":{"line":24,"column":53}}],"line":24},"2":{"loc":{"start":{"line":29,"column":8},"end":{"line":31,"column":9}},"type":"if","locations":[{"start":{"line":29,"column":8},"end":{"line":31,"column":9}},{"start":{},"end":{}}],"line":29},"3":{"loc":{"start":{"line":42,"column":8},"end":{"line":44,"column":9}},"type":"if","locations":[{"start":{"line":42,"column":8},"end":{"line":44,"column":9}},{"start":{},"end":{}}],"line":42},"4":{"loc":{"start":{"line":52,"column":21},"end":{"line":52,"column":50}},"type":"binary-expr","locations":[{"start":{"line":52,"column":21},"end":{"line":52,"column":45}},{"start":{"line":52,"column":49},"end":{"line":52,"column":50}}],"line":52},"5":{"loc":{"start":{"line":53,"column":22},"end":{"line":53,"column":53}},"type":"binary-expr","locations":[{"start":{"line":53,"column":22},"end":{"line":53,"column":47}},{"start":{"line":53,"column":51},"end":{"line":53,"column":53}}],"line":53},"6":{"loc":{"start":{"line":58,"column":8},"end":{"line":60,"column":9}},"type":"if","locations":[{"start":{"line":58,"column":8},"end":{"line":60,"column":9}},{"start":{},"end":{}}],"line":58},"7":{"loc":{"start":{"line":71,"column":8},"end":{"line":73,"column":9}},"type":"if","locations":[{"start":{"line":71,"column":8},"end":{"line":73,"column":9}},{"start":{},"end":{}}],"line":71},"8":{"loc":{"start":{"line":81,"column":21},"end":{"line":81,"column":50}},"type":"binary-expr","locations":[{"start":{"line":81,"column":21},"end":{"line":81,"column":45}},{"start":{"line":81,"column":49},"end":{"line":81,"column":50}}],"line":81},"9":{"loc":{"start":{"line":82,"column":22},"end":{"line":82,"column":53}},"type":"binary-expr","locations":[{"start":{"line":82,"column":22},"end":{"line":82,"column":47}},{"start":{"line":82,"column":51},"end":{"line":82,"column":53}}],"line":82},"10":{"loc":{"start":{"line":85,"column":8},"end":{"line":87,"column":9}},"type":"if","locations":[{"start":{"line":85,"column":8},"end":{"line":87,"column":9}},{"start":{},"end":{}}],"line":85},"11":{"loc":{"start":{"line":92,"column":8},"end":{"line":94,"column":9}},"type":"if","locations":[{"start":{"line":92,"column":8},"end":{"line":94,"column":9}},{"start":{},"end":{}}],"line":92},"12":{"loc":{"start":{"line":105,"column":8},"end":{"line":107,"column":9}},"type":"if","locations":[{"start":{"line":105,"column":8},"end":{"line":107,"column":9}},{"start":{},"end":{}}],"line":105},"13":{"loc":{"start":{"line":111,"column":8},"end":{"line":113,"column":9}},"type":"if","locations":[{"start":{"line":111,"column":8},"end":{"line":113,"column":9}},{"start":{},"end":{}}],"line":111},"14":{"loc":{"start":{"line":116,"column":8},"end":{"line":118,"column":9}},"type":"if","locations":[{"start":{"line":116,"column":8},"end":{"line":118,"column":9}},{"start":{},"end":{}}],"line":116},"15":{"loc":{"start":{"line":116,"column":12},"end":{"line":116,"column":60}},"type":"binary-expr","locations":[{"start":{"line":116,"column":12},"end":{"line":116,"column":37}},{"start":{"line":116,"column":41},"end":{"line":116,"column":60}}],"line":116},"16":{"loc":{"start":{"line":121,"column":8},"end":{"line":123,"column":9}},"type":"if","locations":[{"start":{"line":121,"column":8},"end":{"line":123,"column":9}},{"start":{},"end":{}}],"line":121},"17":{"loc":{"start":{"line":121,"column":12},"end":{"line":121,"column":36}},"type":"binary-expr","locations":[{"start":{"line":121,"column":12},"end":{"line":121,"column":17}},{"start":{"line":121,"column":21},"end":{"line":121,"column":27}},{"start":{"line":121,"column":31},"end":{"line":121,"column":36}}],"line":121},"18":{"loc":{"start":{"line":125,"column":8},"end":{"line":127,"column":9}},"type":"if","locations":[{"start":{"line":125,"column":8},"end":{"line":127,"column":9}},{"start":{},"end":{}}],"line":125},"19":{"loc":{"start":{"line":125,"column":12},"end":{"line":125,"column":42}},"type":"binary-expr","locations":[{"start":{"line":125,"column":12},"end":{"line":125,"column":17}},{"start":{"line":125,"column":21},"end":{"line":125,"column":42}}],"line":125},"20":{"loc":{"start":{"line":129,"column":8},"end":{"line":131,"column":9}},"type":"if","locations":[{"start":{"line":129,"column":8},"end":{"line":131,"column":9}},{"start":{},"end":{}}],"line":129},"21":{"loc":{"start":{"line":129,"column":12},"end":{"line":129,"column":66}},"type":"binary-expr","locations":[{"start":{"line":129,"column":12},"end":{"line":129,"column":16}},{"start":{"line":129,"column":20},"end":{"line":129,"column":66}}],"line":129},"22":{"loc":{"start":{"line":134,"column":8},"end":{"line":139,"column":9}},"type":"if","locations":[{"start":{"line":134,"column":8},"end":{"line":139,"column":9}},{"start":{},"end":{}}],"line":134},"23":{"loc":{"start":{"line":134,"column":12},"end":{"line":134,"column":41}},"type":"binary-expr","locations":[{"start":{"line":134,"column":12},"end":{"line":134,"column":17}},{"start":{"line":134,"column":21},"end":{"line":134,"column":41}}],"line":134},"24":{"loc":{"start":{"line":136,"column":12},"end":{"line":138,"column":13}},"type":"if","locations":[{"start":{"line":136,"column":12},"end":{"line":138,"column":13}},{"start":{},"end":{}}],"line":136},"25":{"loc":{"start":{"line":144,"column":8},"end":{"line":146,"column":9}},"type":"if","locations":[{"start":{"line":144,"column":8},"end":{"line":146,"column":9}},{"start":{},"end":{}}],"line":144},"26":{"loc":{"start":{"line":157,"column":8},"end":{"line":159,"column":9}},"type":"if","locations":[{"start":{"line":157,"column":8},"end":{"line":159,"column":9}},{"start":{},"end":{}}],"line":157},"27":{"loc":{"start":{"line":171,"column":8},"end":{"line":173,"column":9}},"type":"if","locations":[{"start":{"line":171,"column":8},"end":{"line":173,"column":9}},{"start":{},"end":{}}],"line":171},"28":{"loc":{"start":{"line":178,"column":8},"end":{"line":180,"column":9}},"type":"if","locations":[{"start":{"line":178,"column":8},"end":{"line":180,"column":9}},{"start":{},"end":{}}],"line":178},"29":{"loc":{"start":{"line":182,"column":8},"end":{"line":184,"column":9}},"type":"if","locations":[{"start":{"line":182,"column":8},"end":{"line":184,"column":9}},{"start":{},"end":{}}],"line":182},"30":{"loc":{"start":{"line":182,"column":12},"end":{"line":182,"column":60}},"type":"binary-expr","locations":[{"start":{"line":182,"column":12},"end":{"line":182,"column":37}},{"start":{"line":182,"column":41},"end":{"line":182,"column":60}}],"line":182},"31":{"loc":{"start":{"line":187,"column":8},"end":{"line":189,"column":9}},"type":"if","locations":[{"start":{"line":187,"column":8},"end":{"line":189,"column":9}},{"start":{},"end":{}}],"line":187},"32":{"loc":{"start":{"line":194,"column":8},"end":{"line":196,"column":9}},"type":"if","locations":[{"start":{"line":194,"column":8},"end":{"line":196,"column":9}},{"start":{},"end":{}}],"line":194}},"s":{"0":5,"1":5,"2":5,"3":5,"4":5,"5":0,"6":0,"7":0,"8":3,"9":3,"10":3,"11":1,"12":2,"13":2,"14":2,"15":4,"16":4,"17":4,"18":4,"19":4,"20":4,"21":0,"22":0,"23":0,"24":2,"25":2,"26":2,"27":1,"28":1,"29":1,"30":1,"31":5,"32":5,"33":5,"34":5,"35":5,"36":5,"37":1,"38":4,"39":4,"40":0,"41":0,"42":0,"43":9,"44":9,"45":9,"46":9,"47":9,"48":0,"49":9,"50":8,"51":0,"52":8,"53":0,"54":8,"55":1,"56":7,"57":1,"58":6,"59":1,"60":5,"61":3,"62":3,"63":1,"64":4,"65":4,"66":1,"67":1,"68":1,"69":3,"70":3,"71":3,"72":1,"73":2,"74":2,"75":2,"76":11,"77":11,"78":11,"79":11,"80":11,"81":0,"82":11,"83":10,"84":0,"85":10,"86":0,"87":10,"88":10,"89":8,"90":2,"91":1,"92":2,"93":2,"94":2},"f":{"0":5,"1":3,"2":4,"3":2,"4":5,"5":9,"6":3,"7":11},"b":{"0":[5,3],"1":[5,3],"2":[0,0],"3":[2,0],"4":[4,2],"5":[4,2],"6":[0,0],"7":[1,0],"8":[5,3],"9":[5,3],"10":[1,4],"11":[0,0],"12":[0,9],"13":[0,8],"14":[0,8],"15":[8,6],"16":[1,7],"17":[8,6,3],"18":[1,6],"19":[7,4],"20":[1,5],"21":[6,2],"22":[3,2],"23":[5,3],"24":[1,2],"25":[1,0],"26":[2,0],"27":[0,11],"28":[0,10],"29":[0,10],"30":[10,10],"31":[8,2],"32":[2,0]},"_coverageSchema":"1a1c01bbd47fc00a2c39e90264f33305004495a9","hash":"eccc04dab82d0645ca6744560a12847e4fa6762e"}
,"/home/james/Documents/WS/consultManagement-WB/src/application/middleware/authMiddleware.js": {"path":"/home/james/Documents/WS/consultManagement-WB/src/application/middleware/authMiddleware.js","statementMap":{"0":{"start":{"line":7,"column":23},"end":{"line":7,"column":48}},"1":{"start":{"line":8,"column":4},"end":{"line":10,"column":5}},"2":{"start":{"line":9,"column":8},"end":{"line":9,"column":62}},"3":{"start":{"line":11,"column":22},"end":{"line":11,"column":43}},"4":{"start":{"line":13,"column":4},"end":{"line":28,"column":5}},"5":{"start":{"line":14,"column":24},"end":{"line":14,"column":53}},"6":{"start":{"line":16,"column":8},"end":{"line":18,"column":9}},"7":{"start":{"line":17,"column":13},"end":{"line":17,"column":67}},"8":{"start":{"line":20,"column":8},"end":{"line":23,"column":10}},"9":{"start":{"line":25,"column":8},"end":{"line":25,"column":22}},"10":{"start":{"line":27,"column":8},"end":{"line":27,"column":69}},"11":{"start":{"line":31,"column":27},"end":{"line":47,"column":1}},"12":{"start":{"line":32,"column":4},"end":{"line":46,"column":6}},"13":{"start":{"line":33,"column":25},"end":{"line":33,"column":39}},"14":{"start":{"line":35,"column":8},"end":{"line":37,"column":9}},"15":{"start":{"line":36,"column":12},"end":{"line":36,"column":26}},"16":{"start":{"line":39,"column":30},"end":{"line":39,"column":58}},"17":{"start":{"line":41,"column":8},"end":{"line":43,"column":9}},"18":{"start":{"line":42,"column":12},"end":{"line":42,"column":85}},"19":{"start":{"line":45,"column":8},"end":{"line":45,"column":22}}},"fnMap":{"0":{"name":"ensureAuthenticated","decl":{"start":{"line":6,"column":22},"end":{"line":6,"column":41}},"loc":{"start":{"line":6,"column":58},"end":{"line":29,"column":1}},"line":6},"1":{"name":"(anonymous_1)","decl":{"start":{"line":31,"column":27},"end":{"line":31,"column":28}},"loc":{"start":{"line":31,"column":46},"end":{"line":47,"column":1}},"line":31},"2":{"name":"(anonymous_2)","decl":{"start":{"line":32,"column":11},"end":{"line":32,"column":12}},"loc":{"start":{"line":32,"column":31},"end":{"line":46,"column":5}},"line":32}},"branchMap":{"0":{"loc":{"start":{"line":8,"column":4},"end":{"line":10,"column":5}},"type":"if","locations":[{"start":{"line":8,"column":4},"end":{"line":10,"column":5}},{"start":{},"end":{}}],"line":8},"1":{"loc":{"start":{"line":16,"column":8},"end":{"line":18,"column":9}},"type":"if","locations":[{"start":{"line":16,"column":8},"end":{"line":18,"column":9}},{"start":{},"end":{}}],"line":16},"2":{"loc":{"start":{"line":16,"column":12},"end":{"line":16,"column":40}},"type":"binary-expr","locations":[{"start":{"line":16,"column":12},"end":{"line":16,"column":23}},{"start":{"line":16,"column":27},"end":{"line":16,"column":40}}],"line":16},"3":{"loc":{"start":{"line":33,"column":25},"end":{"line":33,"column":39}},"type":"binary-expr","locations":[{"start":{"line":33,"column":25},"end":{"line":33,"column":33}},{"start":{"line":33,"column":37},"end":{"line":33,"column":39}}],"line":33},"4":{"loc":{"start":{"line":35,"column":8},"end":{"line":37,"column":9}},"type":"if","locations":[{"start":{"line":35,"column":8},"end":{"line":37,"column":9}},{"start":{},"end":{}}],"line":35},"5":{"loc":{"start":{"line":41,"column":8},"end":{"line":43,"column":9}},"type":"if","locations":[{"start":{"line":41,"column":8},"end":{"line":43,"column":9}},{"start":{},"end":{}}],"line":41}},"s":{"0":84,"1":84,"2":8,"3":76,"4":76,"5":76,"6":76,"7":0,"8":76,"9":76,"10":0,"11":33,"12":528,"13":44,"14":44,"15":41,"16":3,"17":3,"18":2,"19":1},"f":{"0":84,"1":528,"2":44},"b":{"0":[8,76],"1":[0,76],"2":[76,76],"3":[44,0],"4":[41,3],"5":[2,1]},"_coverageSchema":"1a1c01bbd47fc00a2c39e90264f33305004495a9","hash":"7f343e66c266bbeaa04e5b69d8c7d879327d8a2c"}
,"/home/james/Documents/WS/consultManagement-WB/src/application/middleware/errorHandler.js": {"path":"/home/james/Documents/WS/consultManagement-WB/src/application/middleware/errorHandler.js","statementMap":{"0":{"start":{"line":4,"column":23},"end":{"line":4,"column":40}},"1":{"start":{"line":5,"column":20},"end":{"line":5,"column":58}},"2":{"start":{"line":8,"column":4},"end":{"line":13,"column":26}},"3":{"start":{"line":15,"column":4},"end":{"line":15,"column":45}}},"fnMap":{"0":{"name":"errorHandler","decl":{"start":{"line":3,"column":24},"end":{"line":3,"column":36}},"loc":{"start":{"line":3,"column":58},"end":{"line":17,"column":1}},"line":3}},"branchMap":{"0":{"loc":{"start":{"line":4,"column":23},"end":{"line":4,"column":40}},"type":"binary-expr","locations":[{"start":{"line":4,"column":23},"end":{"line":4,"column":33}},{"start":{"line":4,"column":37},"end":{"line":4,"column":40}}],"line":4},"1":{"loc":{"start":{"line":5,"column":20},"end":{"line":5,"column":58}},"type":"binary-expr","locations":[{"start":{"line":5,"column":20},"end":{"line":5,"column":31}},{"start":{"line":5,"column":35},"end":{"line":5,"column":58}}],"line":5},"2":{"loc":{"start":{"line":12,"column":15},"end":{"line":12,"column":70}},"type":"cond-expr","locations":[{"start":{"line":12,"column":49},"end":{"line":12,"column":58}},{"start":{"line":12,"column":61},"end":{"line":12,"column":70}}],"line":12}},"s":{"0":71,"1":71,"2":71,"3":71},"f":{"0":71},"b":{"0":[71,10],"1":[71,0],"2":[71,0]},"_coverageSchema":"1a1c01bbd47fc00a2c39e90264f33305004495a9","hash":"16da3a8262cb72dc522f9d072dd73343b0e7048f"}
,"/home/james/Documents/WS/consultManagement-WB/src/application/router/routes.js": {"path":"/home/james/Documents/WS/consultManagement-WB/src/application/router/routes.js","statementMap":{"0":{"start":{"line":48,"column":15},"end":{"line":48,"column":23}},"1":{"start":{"line":51,"column":0},"end":{"line":56,"column":1}},"2":{"start":{"line":53,"column":4},"end":{"line":53,"column":54}},"3":{"start":{"line":55,"column":4},"end":{"line":55,"column":98}},"4":{"start":{"line":57,"column":0},"end":{"line":57,"column":44}},"5":{"start":{"line":59,"column":0},"end":{"line":59,"column":71}},"6":{"start":{"line":60,"column":0},"end":{"line":60,"column":57}},"7":{"start":{"line":61,"column":0},"end":{"line":61,"column":73}},"8":{"start":{"line":62,"column":0},"end":{"line":62,"column":76}},"9":{"start":{"line":63,"column":0},"end":{"line":63,"column":49}},"10":{"start":{"line":64,"column":0},"end":{"line":64,"column":63}},"11":{"start":{"line":65,"column":0},"end":{"line":65,"column":78}},"12":{"start":{"line":66,"column":0},"end":{"line":66,"column":124}},"13":{"start":{"line":68,"column":0},"end":{"line":68,"column":102}},"14":{"start":{"line":69,"column":0},"end":{"line":69,"column":45}},"15":{"start":{"line":70,"column":0},"end":{"line":70,"column":61}},"16":{"start":{"line":71,"column":0},"end":{"line":71,"column":59}},"17":{"start":{"line":72,"column":0},"end":{"line":72,"column":54}},"18":{"start":{"line":73,"column":0},"end":{"line":73,"column":105}},"19":{"start":{"line":74,"column":0},"end":{"line":74,"column":108}},"20":{"start":{"line":76,"column":0},"end":{"line":76,"column":100}},"21":{"start":{"line":77,"column":0},"end":{"line":77,"column":43}},"22":{"start":{"line":78,"column":0},"end":{"line":78,"column":59}},"23":{"start":{"line":79,"column":0},"end":{"line":79,"column":75}},"24":{"start":{"line":80,"column":0},"end":{"line":80,"column":52}},"25":{"start":{"line":81,"column":0},"end":{"line":81,"column":103}},"26":{"start":{"line":82,"column":0},"end":{"line":82,"column":106}},"27":{"start":{"line":85,"column":0},"end":{"line":85,"column":95}},"28":{"start":{"line":86,"column":0},"end":{"line":86,"column":104}},"29":{"start":{"line":87,"column":0},"end":{"line":87,"column":111}},"30":{"start":{"line":88,"column":0},"end":{"line":88,"column":114}},"31":{"start":{"line":89,"column":0},"end":{"line":89,"column":112}},"32":{"start":{"line":91,"column":0},"end":{"line":91,"column":65}},"33":{"start":{"line":92,"column":0},"end":{"line":92,"column":78}},"34":{"start":{"line":93,"column":0},"end":{"line":93,"column":91}},"35":{"start":{"line":96,"column":0},"end":{"line":96,"column":106}},"36":{"start":{"line":97,"column":0},"end":{"line":97,"column":104}},"37":{"start":{"line":98,"column":0},"end":{"line":98,"column":110}}},"fnMap":{},"branchMap":{"0":{"loc":{"start":{"line":51,"column":0},"end":{"line":56,"column":1}},"type":"if","locations":[{"start":{"line":51,"column":0},"end":{"line":56,"column":1}},{"start":{"line":54,"column":7},"end":{"line":56,"column":1}}],"line":51}},"s":{"0":33,"1":33,"2":33,"3":0,"4":33,"5":33,"6":33,"7":33,"8":33,"9":33,"10":33,"11":33,"12":33,"13":33,"14":33,"15":33,"16":33,"17":33,"18":33,"19":33,"20":33,"21":33,"22":33,"23":33,"24":33,"25":33,"26":33,"27":33,"28":33,"29":33,"30":33,"31":33,"32":33,"33":33,"34":33,"35":33,"36":33,"37":33},"f":{},"b":{"0":[33,0]},"_coverageSchema":"1a1c01bbd47fc00a2c39e90264f33305004495a9","hash":"7b1c7dd0232770492c94e4e7cda765361dab8a29"}
,"/home/james/Documents/WS/consultManagement-WB/src/config/env.js": {"path":"/home/james/Documents/WS/consultManagement-WB/src/config/env.js","statementMap":{"0":{"start":{"line":6,"column":26},"end":{"line":6,"column":65}},"1":{"start":{"line":7,"column":24},"end":{"line":7,"column":61}},"2":{"start":{"line":8,"column":25},"end":{"line":8,"column":108}},"3":{"start":{"line":9,"column":28},"end":{"line":9,"column":78}},"4":{"start":{"line":10,"column":43},"end":{"line":10,"column":88}}},"fnMap":{},"branchMap":{"0":{"loc":{"start":{"line":6,"column":26},"end":{"line":6,"column":65}},"type":"binary-expr","locations":[{"start":{"line":6,"column":26},"end":{"line":6,"column":48}},{"start":{"line":6,"column":52},"end":{"line":6,"column":65}}],"line":6},"1":{"loc":{"start":{"line":7,"column":24},"end":{"line":7,"column":61}},"type":"binary-expr","locations":[{"start":{"line":7,"column":24},"end":{"line":7,"column":44}},{"start":{"line":7,"column":48},"end":{"line":7,"column":61}}],"line":7},"2":{"loc":{"start":{"line":8,"column":25},"end":{"line":8,"column":108}},"type":"binary-expr","locations":[{"start":{"line":8,"column":25},"end":{"line":8,"column":46}},{"start":{"line":8,"column":51},"end":{"line":8,"column":107}}],"line":8},"3":{"loc":{"start":{"line":8,"column":51},"end":{"line":8,"column":107}},"type":"cond-expr","locations":[{"start":{"line":8,"column":91},"end":{"line":8,"column":97}},{"start":{"line":8,"column":100},"end":{"line":8,"column":107}}],"line":8},"4":{"loc":{"start":{"line":9,"column":28},"end":{"line":9,"column":78}},"type":"binary-expr","locations":[{"start":{"line":9,"column":28},"end":{"line":9,"column":52}},{"start":{"line":9,"column":56},"end":{"line":9,"column":78}}],"line":9},"5":{"loc":{"start":{"line":10,"column":43},"end":{"line":10,"column":88}},"type":"binary-expr","locations":[{"start":{"line":10,"column":43},"end":{"line":10,"column":82}},{"start":{"line":10,"column":86},"end":{"line":10,"column":88}}],"line":10}},"s":{"0":33,"1":33,"2":33,"3":33,"4":33},"f":{},"b":{"0":[33,33],"1":[33,0],"2":[33,33],"3":[0,33],"4":[33,33],"5":[33,33]},"_coverageSchema":"1a1c01bbd47fc00a2c39e90264f33305004495a9","hash":"2d8e51c5d1c7e51d16189f9d80fa2ca70d4c3128"}
,"/home/james/Documents/WS/consultManagement-WB/src/domain/error/customErros.js": {"path":"/home/james/Documents/WS/consultManagement-WB/src/domain/error/customErros.js","statementMap":{"0":{"start":{"line":3,"column":8},"end":{"line":3,"column":23}},"1":{"start":{"line":4,"column":8},"end":{"line":4,"column":36}},"2":{"start":{"line":5,"column":8},"end":{"line":5,"column":34}},"3":{"start":{"line":11,"column":8},"end":{"line":11,"column":28}},"4":{"start":{"line":17,"column":8},"end":{"line":17,"column":28}}},"fnMap":{"0":{"name":"(anonymous_0)","decl":{"start":{"line":2,"column":4},"end":{"line":2,"column":5}},"loc":{"start":{"line":2,"column":58},"end":{"line":6,"column":5}},"line":2},"1":{"name":"(anonymous_1)","decl":{"start":{"line":10,"column":4},"end":{"line":10,"column":5}},"loc":{"start":{"line":10,"column":48},"end":{"line":12,"column":5}},"line":10},"2":{"name":"(anonymous_2)","decl":{"start":{"line":16,"column":4},"end":{"line":16,"column":5}},"loc":{"start":{"line":16,"column":42},"end":{"line":18,"column":5}},"line":16}},"branchMap":{"0":{"loc":{"start":{"line":2,"column":16},"end":{"line":2,"column":48}},"type":"default-arg","locations":[{"start":{"line":2,"column":26},"end":{"line":2,"column":48}}],"line":2},"1":{"loc":{"start":{"line":4,"column":22},"end":{"line":4,"column":35}},"type":"binary-expr","locations":[{"start":{"line":4,"column":22},"end":{"line":4,"column":28}},{"start":{"line":4,"column":32},"end":{"line":4,"column":35}}],"line":4},"2":{"loc":{"start":{"line":10,"column":16},"end":{"line":10,"column":46}},"type":"default-arg","locations":[{"start":{"line":10,"column":26},"end":{"line":10,"column":46}}],"line":10},"3":{"loc":{"start":{"line":16,"column":16},"end":{"line":16,"column":40}},"type":"default-arg","locations":[{"start":{"line":16,"column":26},"end":{"line":16,"column":40}}],"line":16}},"s":{"0":69,"1":69,"2":69,"3":11,"4":29},"f":{"0":69,"1":11,"2":29},"b":{"0":[0],"1":[69,0],"2":[0],"3":[0]},"_coverageSchema":"1a1c01bbd47fc00a2c39e90264f33305004495a9","hash":"84509e83be398f3f9efd62fd1309a795c8374583"}
,"/home/james/Documents/WS/consultManagement-WB/src/domain/services/authService.js": {"path":"/home/james/Documents/WS/consultManagement-WB/src/domain/services/authService.js","statementMap":{"0":{"start":{"line":12,"column":20},"end":{"line":12,"column":49}},"1":{"start":{"line":13,"column":4},"end":{"line":13,"column":31}},"2":{"start":{"line":15,"column":4},"end":{"line":68,"column":5}},"3":{"start":{"line":16,"column":21},"end":{"line":16,"column":45}},"4":{"start":{"line":17,"column":29},"end":{"line":17,"column":62}},"5":{"start":{"line":19,"column":23},"end":{"line":19,"column":27}},"6":{"start":{"line":22,"column":8},"end":{"line":40,"column":9}},"7":{"start":{"line":23,"column":27},"end":{"line":26,"column":14}},"8":{"start":{"line":27,"column":12},"end":{"line":30,"column":14}},"9":{"start":{"line":31,"column":15},"end":{"line":40,"column":9}},"10":{"start":{"line":32,"column":28},"end":{"line":35,"column":14}},"11":{"start":{"line":36,"column":12},"end":{"line":39,"column":14}},"12":{"start":{"line":42,"column":21},"end":{"line":48,"column":10}},"13":{"start":{"line":50,"column":8},"end":{"line":50,"column":42}},"14":{"start":{"line":52,"column":24},"end":{"line":55,"column":9}},"15":{"start":{"line":57,"column":22},"end":{"line":59,"column":10}},"16":{"start":{"line":61,"column":8},"end":{"line":61,"column":38}},"17":{"start":{"line":62,"column":8},"end":{"line":62,"column":31}},"18":{"start":{"line":64,"column":8},"end":{"line":64,"column":41}},"19":{"start":{"line":65,"column":8},"end":{"line":65,"column":20}},"20":{"start":{"line":67,"column":8},"end":{"line":67,"column":29}},"21":{"start":{"line":72,"column":28},"end":{"line":72,"column":62}},"22":{"start":{"line":73,"column":29},"end":{"line":78,"column":10}},"23":{"start":{"line":80,"column":4},"end":{"line":82,"column":5}},"24":{"start":{"line":81,"column":8},"end":{"line":81,"column":55}},"25":{"start":{"line":84,"column":28},"end":{"line":84,"column":89}},"26":{"start":{"line":85,"column":4},"end":{"line":87,"column":5}},"27":{"start":{"line":86,"column":8},"end":{"line":86,"column":55}},"28":{"start":{"line":89,"column":20},"end":{"line":92,"column":5}},"29":{"start":{"line":94,"column":18},"end":{"line":94,"column":68}},"30":{"start":{"line":96,"column":17},"end":{"line":96,"column":44}},"31":{"start":{"line":97,"column":4},"end":{"line":97,"column":29}},"32":{"start":{"line":99,"column":4},"end":{"line":99,"column":27}}},"fnMap":{"0":{"name":"registerService","decl":{"start":{"line":11,"column":22},"end":{"line":11,"column":37}},"loc":{"start":{"line":11,"column":102},"end":{"line":69,"column":1}},"line":11},"1":{"name":"loginService","decl":{"start":{"line":71,"column":22},"end":{"line":71,"column":34}},"loc":{"start":{"line":71,"column":56},"end":{"line":100,"column":1}},"line":71}},"branchMap":{"0":{"loc":{"start":{"line":11,"column":63},"end":{"line":11,"column":78}},"type":"default-arg","locations":[{"start":{"line":11,"column":70},"end":{"line":11,"column":78}}],"line":11},"1":{"loc":{"start":{"line":11,"column":80},"end":{"line":11,"column":98}},"type":"default-arg","locations":[{"start":{"line":11,"column":94},"end":{"line":11,"column":98}}],"line":11},"2":{"loc":{"start":{"line":22,"column":8},"end":{"line":40,"column":9}},"type":"if","locations":[{"start":{"line":22,"column":8},"end":{"line":40,"column":9}},{"start":{"line":31,"column":15},"end":{"line":40,"column":9}}],"line":22},"3":{"loc":{"start":{"line":22,"column":12},"end":{"line":22,"column":44}},"type":"binary-expr","locations":[{"start":{"line":22,"column":12},"end":{"line":22,"column":29}},{"start":{"line":22,"column":33},"end":{"line":22,"column":44}}],"line":22},"4":{"loc":{"start":{"line":31,"column":15},"end":{"line":40,"column":9}},"type":"if","locations":[{"start":{"line":31,"column":15},"end":{"line":40,"column":9}},{"start":{},"end":{}}],"line":31},"5":{"loc":{"start":{"line":31,"column":19},"end":{"line":31,"column":51}},"type":"binary-expr","locations":[{"start":{"line":31,"column":19},"end":{"line":31,"column":36}},{"start":{"line":31,"column":40},"end":{"line":31,"column":51}}],"line":31},"6":{"loc":{"start":{"line":72,"column":29},"end":{"line":72,"column":40}},"type":"binary-expr","locations":[{"start":{"line":72,"column":29},"end":{"line":72,"column":34}},{"start":{"line":72,"column":38},"end":{"line":72,"column":40}}],"line":72},"7":{"loc":{"start":{"line":80,"column":4},"end":{"line":82,"column":5}},"type":"if","locations":[{"start":{"line":80,"column":4},"end":{"line":82,"column":5}},{"start":{},"end":{}}],"line":80},"8":{"loc":{"start":{"line":85,"column":4},"end":{"line":87,"column":5}},"type":"if","locations":[{"start":{"line":85,"column":4},"end":{"line":87,"column":5}},{"start":{},"end":{}}],"line":85}},"s":{"0":4,"1":4,"2":4,"3":4,"4":4,"5":4,"6":4,"7":1,"8":1,"9":3,"10":3,"11":3,"12":4,"13":3,"14":3,"15":3,"16":3,"17":3,"18":1,"19":1,"20":4,"21":6,"22":6,"23":5,"24":1,"25":4,"26":4,"27":1,"28":3,"29":3,"30":3,"31":3,"32":3},"f":{"0":4,"1":6},"b":{"0":[0],"1":[0],"2":[1,3],"3":[4,1],"4":[3,0],"5":[3,3],"6":[6,0],"7":[1,4],"8":[1,3]},"_coverageSchema":"1a1c01bbd47fc00a2c39e90264f33305004495a9","hash":"e598ff57b76230be0decb792c3ab47797d40902a"}
,"/home/james/Documents/WS/consultManagement-WB/src/domain/services/consult.service.js": {"path":"/home/james/Documents/WS/consultManagement-WB/src/domain/services/consult.service.js","statementMap":{"0":{"start":{"line":20,"column":26},"end":{"line":20,"column":66}},"1":{"start":{"line":21,"column":8},"end":{"line":23,"column":9}},"2":{"start":{"line":22,"column":12},"end":{"line":22,"column":57}},"3":{"start":{"line":25,"column":29},"end":{"line":25,"column":67}},"4":{"start":{"line":26,"column":8},"end":{"line":28,"column":9}},"5":{"start":{"line":27,"column":12},"end":{"line":27,"column":56}},"6":{"start":{"line":30,"column":4},"end":{"line":45,"column":5}},"7":{"start":{"line":31,"column":24},"end":{"line":31,"column":92}},"8":{"start":{"line":33,"column":32},"end":{"line":35,"column":9}},"9":{"start":{"line":37,"column":8},"end":{"line":40,"column":11}},"10":{"start":{"line":42,"column":8},"end":{"line":42,"column":23}},"11":{"start":{"line":44,"column":8},"end":{"line":44,"column":78}},"12":{"start":{"line":50,"column":27},"end":{"line":50,"column":51}},"13":{"start":{"line":52,"column":4},"end":{"line":54,"column":5}},"14":{"start":{"line":53,"column":8},"end":{"line":53,"column":52}},"15":{"start":{"line":56,"column":26},"end":{"line":56,"column":66}},"16":{"start":{"line":58,"column":4},"end":{"line":60,"column":5}},"17":{"start":{"line":59,"column":8},"end":{"line":59,"column":53}},"18":{"start":{"line":62,"column":25},"end":{"line":62,"column":63}},"19":{"start":{"line":64,"column":4},"end":{"line":66,"column":5}},"20":{"start":{"line":65,"column":8},"end":{"line":65,"column":52}},"21":{"start":{"line":67,"column":4},"end":{"line":91,"column":5}},"22":{"start":{"line":68,"column":30},"end":{"line":70,"column":9}},"23":{"start":{"line":72,"column":33},"end":{"line":74,"column":9}},"24":{"start":{"line":76,"column":31},"end":{"line":76,"column":107}},"25":{"start":{"line":78,"column":8},"end":{"line":81,"column":9}},"26":{"start":{"line":79,"column":12},"end":{"line":79,"column":60}},"27":{"start":{"line":80,"column":12},"end":{"line":80,"column":78}},"28":{"start":{"line":83,"column":8},"end":{"line":86,"column":9}},"29":{"start":{"line":84,"column":12},"end":{"line":84,"column":62}},"30":{"start":{"line":85,"column":12},"end":{"line":85,"column":80}},"31":{"start":{"line":88,"column":8},"end":{"line":88,"column":30}},"32":{"start":{"line":90,"column":8},"end":{"line":90,"column":78}},"33":{"start":{"line":95,"column":4},"end":{"line":114,"column":5}},"34":{"start":{"line":96,"column":24},"end":{"line":96,"column":48}},"35":{"start":{"line":98,"column":8},"end":{"line":100,"column":9}},"36":{"start":{"line":99,"column":12},"end":{"line":99,"column":56}},"37":{"start":{"line":102,"column":33},"end":{"line":104,"column":9}},"38":{"start":{"line":106,"column":31},"end":{"line":106,"column":58}},"39":{"start":{"line":108,"column":8},"end":{"line":108,"column":62}},"40":{"start":{"line":109,"column":8},"end":{"line":109,"column":63}},"41":{"start":{"line":111,"column":8},"end":{"line":111,"column":30}},"42":{"start":{"line":113,"column":8},"end":{"line":113,"column":78}},"43":{"start":{"line":118,"column":4},"end":{"line":122,"column":5}},"44":{"start":{"line":119,"column":8},"end":{"line":119,"column":37}},"45":{"start":{"line":121,"column":8},"end":{"line":121,"column":78}},"46":{"start":{"line":126,"column":4},"end":{"line":130,"column":5}},"47":{"start":{"line":127,"column":8},"end":{"line":127,"column":44}},"48":{"start":{"line":129,"column":8},"end":{"line":129,"column":77}},"49":{"start":{"line":134,"column":4},"end":{"line":138,"column":5}},"50":{"start":{"line":135,"column":8},"end":{"line":135,"column":52}},"51":{"start":{"line":137,"column":8},"end":{"line":137,"column":77}},"52":{"start":{"line":142,"column":4},"end":{"line":146,"column":5}},"53":{"start":{"line":143,"column":8},"end":{"line":143,"column":40}},"54":{"start":{"line":145,"column":8},"end":{"line":145,"column":77}},"55":{"start":{"line":150,"column":4},"end":{"line":154,"column":5}},"56":{"start":{"line":151,"column":8},"end":{"line":151,"column":54}},"57":{"start":{"line":153,"column":8},"end":{"line":153,"column":77}}},"fnMap":{"0":{"name":"createConsultService","decl":{"start":{"line":19,"column":22},"end":{"line":19,"column":42}},"loc":{"start":{"line":19,"column":92},"end":{"line":46,"column":1}},"line":19},"1":{"name":"updateConsultByIdService","decl":{"start":{"line":48,"column":22},"end":{"line":48,"column":46}},"loc":{"start":{"line":48,"column":100},"end":{"line":92,"column":1}},"line":48},"2":{"name":"deleteConsultByIdService","decl":{"start":{"line":94,"column":22},"end":{"line":94,"column":46}},"loc":{"start":{"line":94,"column":51},"end":{"line":115,"column":1}},"line":94},"3":{"name":"getAllConsultService","decl":{"start":{"line":117,"column":22},"end":{"line":117,"column":42}},"loc":{"start":{"line":117,"column":45},"end":{"line":123,"column":1}},"line":117},"4":{"name":"getConsultByDateService","decl":{"start":{"line":125,"column":22},"end":{"line":125,"column":45}},"loc":{"start":{"line":125,"column":52},"end":{"line":131,"column":1}},"line":125},"5":{"name":"getConsultByDoctorIdService","decl":{"start":{"line":133,"column":22},"end":{"line":133,"column":49}},"loc":{"start":{"line":133,"column":60},"end":{"line":139,"column":1}},"line":133},"6":{"name":"getConsultByIdService","decl":{"start":{"line":141,"column":22},"end":{"line":141,"column":43}},"loc":{"start":{"line":141,"column":48},"end":{"line":147,"column":1}},"line":141},"7":{"name":"getConsultByPatientIdService","decl":{"start":{"line":149,"column":22},"end":{"line":149,"column":50}},"loc":{"start":{"line":149,"column":62},"end":{"line":155,"column":1}},"line":149}},"branchMap":{"0":{"loc":{"start":{"line":21,"column":8},"end":{"line":23,"column":9}},"type":"if","locations":[{"start":{"line":21,"column":8},"end":{"line":23,"column":9}},{"start":{},"end":{}}],"line":21},"1":{"loc":{"start":{"line":26,"column":8},"end":{"line":28,"column":9}},"type":"if","locations":[{"start":{"line":26,"column":8},"end":{"line":28,"column":9}},{"start":{},"end":{}}],"line":26},"2":{"loc":{"start":{"line":44,"column":27},"end":{"line":44,"column":71}},"type":"binary-expr","locations":[{"start":{"line":44,"column":27},"end":{"line":44,"column":40}},{"start":{"line":44,"column":44},"end":{"line":44,"column":71}}],"line":44},"3":{"loc":{"start":{"line":52,"column":4},"end":{"line":54,"column":5}},"type":"if","locations":[{"start":{"line":52,"column":4},"end":{"line":54,"column":5}},{"start":{},"end":{}}],"line":52},"4":{"loc":{"start":{"line":58,"column":4},"end":{"line":60,"column":5}},"type":"if","locations":[{"start":{"line":58,"column":4},"end":{"line":60,"column":5}},{"start":{},"end":{}}],"line":58},"5":{"loc":{"start":{"line":64,"column":4},"end":{"line":66,"column":5}},"type":"if","locations":[{"start":{"line":64,"column":4},"end":{"line":66,"column":5}},{"start":{},"end":{}}],"line":64},"6":{"loc":{"start":{"line":78,"column":8},"end":{"line":81,"column":9}},"type":"if","locations":[{"start":{"line":78,"column":8},"end":{"line":81,"column":9}},{"start":{},"end":{}}],"line":78},"7":{"loc":{"start":{"line":83,"column":8},"end":{"line":86,"column":9}},"type":"if","locations":[{"start":{"line":83,"column":8},"end":{"line":86,"column":9}},{"start":{},"end":{}}],"line":83},"8":{"loc":{"start":{"line":90,"column":27},"end":{"line":90,"column":71}},"type":"binary-expr","locations":[{"start":{"line":90,"column":27},"end":{"line":90,"column":40}},{"start":{"line":90,"column":44},"end":{"line":90,"column":71}}],"line":90},"9":{"loc":{"start":{"line":98,"column":8},"end":{"line":100,"column":9}},"type":"if","locations":[{"start":{"line":98,"column":8},"end":{"line":100,"column":9}},{"start":{},"end":{}}],"line":98},"10":{"loc":{"start":{"line":113,"column":27},"end":{"line":113,"column":71}},"type":"binary-expr","locations":[{"start":{"line":113,"column":27},"end":{"line":113,"column":40}},{"start":{"line":113,"column":44},"end":{"line":113,"column":71}}],"line":113},"11":{"loc":{"start":{"line":121,"column":27},"end":{"line":121,"column":71}},"type":"binary-expr","locations":[{"start":{"line":121,"column":27},"end":{"line":121,"column":40}},{"start":{"line":121,"column":44},"end":{"line":121,"column":71}}],"line":121},"12":{"loc":{"start":{"line":129,"column":27},"end":{"line":129,"column":70}},"type":"binary-expr","locations":[{"start":{"line":129,"column":27},"end":{"line":129,"column":40}},{"start":{"line":129,"column":44},"end":{"line":129,"column":70}}],"line":129},"13":{"loc":{"start":{"line":137,"column":27},"end":{"line":137,"column":70}},"type":"binary-expr","locations":[{"start":{"line":137,"column":27},"end":{"line":137,"column":40}},{"start":{"line":137,"column":44},"end":{"line":137,"column":70}}],"line":137},"14":{"loc":{"start":{"line":145,"column":27},"end":{"line":145,"column":70}},"type":"binary-expr","locations":[{"start":{"line":145,"column":27},"end":{"line":145,"column":40}},{"start":{"line":145,"column":44},"end":{"line":145,"column":70}}],"line":145},"15":{"loc":{"start":{"line":153,"column":27},"end":{"line":153,"column":70}},"type":"binary-expr","locations":[{"start":{"line":153,"column":27},"end":{"line":153,"column":40}},{"start":{"line":153,"column":44},"end":{"line":153,"column":70}}],"line":153}},"s":{"0":4,"1":4,"2":1,"3":3,"4":3,"5":1,"6":2,"7":2,"8":2,"9":2,"10":2,"11":0,"12":4,"13":4,"14":1,"15":3,"16":3,"17":1,"18":2,"19":2,"20":1,"21":1,"22":1,"23":1,"24":1,"25":1,"26":1,"27":1,"28":1,"29":1,"30":1,"31":1,"32":0,"33":2,"34":2,"35":2,"36":1,"37":1,"38":1,"39":1,"40":1,"41":1,"42":1,"43":3,"44":3,"45":1,"46":2,"47":2,"48":0,"49":3,"50":3,"51":1,"52":2,"53":2,"54":0,"55":3,"56":3,"57":1},"f":{"0":4,"1":4,"2":2,"3":3,"4":2,"5":3,"6":2,"7":3},"b":{"0":[1,3],"1":[1,2],"2":[0,0],"3":[1,3],"4":[1,2],"5":[1,1],"6":[1,0],"7":[1,0],"8":[0,0],"9":[1,1],"10":[0,0],"11":[0,0],"12":[0,0],"13":[0,0],"14":[0,0],"15":[0,0]},"_coverageSchema":"1a1c01bbd47fc00a2c39e90264f33305004495a9","hash":"cfb50989d877ccffa6ef3662b2633f5fc2bfde76"}
,"/home/james/Documents/WS/consultManagement-WB/src/domain/services/doctor.service.js": {"path":"/home/james/Documents/WS/consultManagement-WB/src/domain/services/doctor.service.js","statementMap":{"0":{"start":{"line":14,"column":4},"end":{"line":18,"column":5}},"1":{"start":{"line":15,"column":8},"end":{"line":15,"column":55}},"2":{"start":{"line":17,"column":8},"end":{"line":17,"column":78}},"3":{"start":{"line":22,"column":4},"end":{"line":26,"column":5}},"4":{"start":{"line":23,"column":8},"end":{"line":23,"column":63}},"5":{"start":{"line":25,"column":8},"end":{"line":25,"column":79}},"6":{"start":{"line":30,"column":4},"end":{"line":35,"column":5}},"7":{"start":{"line":31,"column":8},"end":{"line":31,"column":42}},"8":{"start":{"line":33,"column":8},"end":{"line":33,"column":78}},"9":{"start":{"line":39,"column":4},"end":{"line":43,"column":5}},"10":{"start":{"line":40,"column":8},"end":{"line":40,"column":37}},"11":{"start":{"line":42,"column":8},"end":{"line":42,"column":78}},"12":{"start":{"line":47,"column":4},"end":{"line":52,"column":5}},"13":{"start":{"line":48,"column":8},"end":{"line":48,"column":39}},"14":{"start":{"line":50,"column":8},"end":{"line":50,"column":77}},"15":{"start":{"line":56,"column":4},"end":{"line":60,"column":5}},"16":{"start":{"line":57,"column":8},"end":{"line":57,"column":43}},"17":{"start":{"line":59,"column":8},"end":{"line":59,"column":77}},"18":{"start":{"line":64,"column":4},"end":{"line":68,"column":5}},"19":{"start":{"line":65,"column":8},"end":{"line":65,"column":53}},"20":{"start":{"line":67,"column":8},"end":{"line":67,"column":77}}},"fnMap":{"0":{"name":"createDoctorService","decl":{"start":{"line":13,"column":22},"end":{"line":13,"column":41}},"loc":{"start":{"line":13,"column":62},"end":{"line":19,"column":1}},"line":13},"1":{"name":"updateDoctorService","decl":{"start":{"line":21,"column":22},"end":{"line":21,"column":41}},"loc":{"start":{"line":21,"column":66},"end":{"line":27,"column":1}},"line":21},"2":{"name":"deleteDoctorService","decl":{"start":{"line":29,"column":22},"end":{"line":29,"column":41}},"loc":{"start":{"line":29,"column":45},"end":{"line":36,"column":1}},"line":29},"3":{"name":"getAllDoctorsService","decl":{"start":{"line":38,"column":22},"end":{"line":38,"column":42}},"loc":{"start":{"line":38,"column":45},"end":{"line":44,"column":1}},"line":38},"4":{"name":"getDoctorByIdService","decl":{"start":{"line":46,"column":22},"end":{"line":46,"column":42}},"loc":{"start":{"line":46,"column":46},"end":{"line":53,"column":1}},"line":46},"5":{"name":"getDoctorByNameService","decl":{"start":{"line":55,"column":22},"end":{"line":55,"column":44}},"loc":{"start":{"line":55,"column":50},"end":{"line":61,"column":1}},"line":55},"6":{"name":"getDoctorBySpecialtyService","decl":{"start":{"line":63,"column":22},"end":{"line":63,"column":49}},"loc":{"start":{"line":63,"column":60},"end":{"line":69,"column":1}},"line":63}},"branchMap":{"0":{"loc":{"start":{"line":17,"column":27},"end"
[...]
},"4":{"start":{"line":10,"column":8},"end":{"line":10,"column":47}},"5":{"start":{"line":15,"column":4},"end":{"line":20,"column":5}},"6":{"start":{"line":16,"column":21},"end":{"line":16,"column":68}},"7":{"start":{"line":17,"column":8},"end":{"line":17,"column":20}},"8":{"start":{"line":19,"column":8},"end":{"line":19,"column":47}},"9":{"start":{"line":24,"column":4},"end":{"line":33,"column":5}},"10":{"start":{"line":25,"column":21},"end":{"line":25,"column":39}},"11":{"start":{"line":26,"column":22},"end":{"line":29,"column":25}},"12":{"start":{"line":30,"column":8},"end":{"line":30,"column":21}},"13":{"start":{"line":32,"column":8},"end":{"line":32,"column":47}},"14":{"start":{"line":37,"column":4},"end":{"line":42,"column":5}},"15":{"start":{"line":38,"column":21},"end":{"line":38,"column":102}},"16":{"start":{"line":39,"column":8},"end":{"line":39,"column":20}},"17":{"start":{"line":41,"column":8},"end":{"line":41,"column":47}},"18":{"start":{"line":46,"column":4},"end":{"line":55,"column":5}},"19":{"start":{"line":47,"column":21},"end":{"line":47,"column":39}},"20":{"start":{"line":48,"column":22},"end":{"line":51,"column":25}},"21":{"start":{"line":52,"column":8},"end":{"line":52,"column":21}},"22":{"start":{"line":54,"column":8},"end":{"line":54,"column":47}}},"fnMap":{"0":{"name":"getAllUsers","decl":{"start":{"line":4,"column":22},"end":{"line":4,"column":33}},"loc":{"start":{"line":4,"column":56},"end":{"line":12,"column":1}},"line":4},"1":{"name":"getUserById","decl":{"start":{"line":14,"column":22},"end":{"line":14,"column":33}},"loc":{"start":{"line":14,"column":38},"end":{"line":21,"column":1}},"line":14},"2":{"name":"getUserByName","decl":{"start":{"line":23,"column":22},"end":{"line":23,"column":35}},"loc":{"start":{"line":23,"column":64},"end":{"line":34,"column":1}},"line":23},"3":{"name":"getUserByEmail","decl":{"start":{"line":36,"column":22},"end":{"line":36,"column":36}},"loc":{"start":{"line":36,"column":44},"end":{"line":43,"column":1}},"line":36},"4":{"name":"getUserByRole","decl":{"start":{"line":45,"column":22},"end":{"line":45,"column":35}},"loc":{"start":{"line":45,"column":64},"end":{"line":56,"column":1}},"line":45}},"branchMap":{"0":{"loc":{"start":{"line":4,"column":34},"end":{"line":4,"column":42}},"type":"default-arg","locations":[{"start":{"line":4,"column":41},"end":{"line":4,"column":42}}],"line":4},"1":{"loc":{"start":{"line":4,"column":44},"end":{"line":4,"column":54}},"type":"default-arg","locations":[{"start":{"line":4,"column":52},"end":{"line":4,"column":54}}],"line":4},"2":{"loc":{"start":{"line":23,"column":42},"end":{"line":23,"column":50}},"type":"default-arg","locations":[{"start":{"line":23,"column":49},"end":{"line":23,"column":50}}],"line":23},"3":{"loc":{"start":{"line":23,"column":52},"end":{"line":23,"column":62}},"type":"default-arg","locations":[{"start":{"line":23,"column":60},"end":{"line":23,"column":62}}],"line":23},"4":{"loc":{"start":{"line":45,"column":42},"end":{"line":45,"column":50}},"type":"default-arg","locations":[{"start":{"line":45,"column":49},"end":{"line":45,"column":50}}],"line":45},"5":{"loc":{"start":{"line":45,"column":52},"end":{"line":45,"column":62}},"type":"default-arg","locations":[{"start":{"line":45,"column":60},"end":{"line":45,"column":62}}],"line":45}},"s":{"0":5,"1":5,"2":5,"3":5,"4":0,"5":25,"6":25,"7":24,"8":1,"9":4,"10":4,"11":4,"12":4,"13":0,"14":2,"15":2,"16":2,"17":0,"18":4,"19":4,"20":4,"21":4,"22":0},"f":{"0":5,"1":25,"2":4,"3":2,"4":4},"b":{"0":[0],"1":[0],"2":[0],"3":[0],"4":[0],"5":[0]},"_coverageSchema":"1a1c01bbd47fc00a2c39e90264f33305004495a9","hash":"2051edc40e6a480ada6093d71dde8bc73457064e"}
,"/home/james/Documents/WS/consultManagement-WB/src/infrastructure/repositories/user-repositories/user.repository.write.js": {"path":"/home/james/Documents/WS/consultManagement-WB/src/infrastructure/repositories/user-repositories/user.repository.write.js","statementMap":{"0":{"start":{"line":6,"column":4},"end":{"line":35,"column":5}},"1":{"start":{"line":8,"column":20},"end":{"line":8,"column":43}},"2":{"start":{"line":9,"column":8},"end":{"line":11,"column":9}},"3":{"start":{"line":10,"column":12},"end":{"line":10,"column":43}},"4":{"start":{"line":12,"column":25},"end":{"line":12,"column":43}},"5":{"start":{"line":13,"column":8},"end":{"line":15,"column":9}},"6":{"start":{"line":14,"column":12},"end":{"line":14,"column":64}},"7":{"start":{"line":16,"column":24},"end":{"line":22,"column":10}},"8":{"start":{"line":23,"column":8},"end":{"line":23,"column":41}},"9":{"start":{"line":25,"column":8},"end":{"line":27,"column":9}},"10":{"start":{"line":26,"column":12},"end":{"line":26,"column":61}},"11":{"start":{"line":28,"column":8},"end":{"line":30,"column":9}},"12":{"start":{"line":29,"column":12},"end":{"line":29,"column":24}},"13":{"start":{"line":31,"column":8},"end":{"line":33,"column":9}},"14":{"start":{"line":32,"column":12},"end":{"line":32,"column":64}},"15":{"start":{"line":34,"column":8},"end":{"line":34,"column":67}},"16":{"start":{"line":39,"column":4},"end":{"line":82,"column":5}},"17":{"start":{"line":40,"column":31},"end":{"line":40,"column":56}},"18":{"start":{"line":41,"column":24},"end":{"line":41,"column":26}},"19":{"start":{"line":43,"column":8},"end":{"line":47,"column":9}},"20":{"start":{"line":44,"column":12},"end":{"line":46,"column":13}},"21":{"start":{"line":45,"column":16},"end":{"line":45,"column":47}},"22":{"start":{"line":49,"column":8},"end":{"line":60,"column":9}},"23":{"start":{"line":50,"column":12},"end":{"line":50,"column":63}},"24":{"start":{"line":52,"column":24},"end":{"line":52,"column":80}},"25":{"start":{"line":53,"column":12},"end":{"line":55,"column":13}},"26":{"start":{"line":54,"column":16},"end":{"line":54,"column":47}},"27":{"start":{"line":56,"column":33},"end":{"line":56,"column":51}},"28":{"start":{"line":57,"column":12},"end":{"line":59,"column":13}},"29":{"start":{"line":58,"column":16},"end":{"line":58,"column":64}},"30":{"start":{"line":62,"column":26},"end":{"line":62,"column":97}},"31":{"start":{"line":63,"column":8},"end":{"line":65,"column":9}},"32":{"start":{"line":64,"column":12},"end":{"line":64,"column":55}},"33":{"start":{"line":67,"column":28},"end":{"line":67,"column":76}},"34":{"start":{"line":69,"column":8},"end":{"line":71,"column":9}},"35":{"start":{"line":70,"column":12},"end":{"line":70,"column":54}},"36":{"start":{"line":73,"column":8},"end":{"line":73,"column":27}},"37":{"start":{"line":75,"column":8},"end":{"line":77,"column":9}},"38":{"start":{"line":76,"column":12},"end":{"line":76,"column":65}},"39":{"start":{"line":78,"column":8},"end":{"line":80,"column":9}},"40":{"start":{"line":79,"column":12},"end":{"line":79,"column":24}},"41":{"start":{"line":81,"column":8},"end":{"line":81,"column":67}},"42":{"start":{"line":86,"column":4},"end":{"line":107,"column":5}},"43":{"start":{"line":87,"column":20},"end":{"line":87,"column":46}},"44":{"start":{"line":88,"column":8},"end":{"line":90,"column":9}},"45":{"start":{"line":89,"column":12},"end":{"line":89,"column":43}},"46":{"start":{"line":92,"column":28},"end":{"line":92,"column":70}},"47":{"start":{"line":94,"column":8},"end":{"line":96,"column":9}},"48":{"start":{"line":95,"column":12},"end":{"line":95,"column":54}},"49":{"start":{"line":98,"column":8},"end":{"line":98,"column":27}},"50":{"start":{"line":100,"column":8},"end":{"line":102,"column":9}},"51":{"start":{"line":101,"column":12},"end":{"line":101,"column":65}},"52":{"start":{"line":103,"column":8},"end":{"line":105,"column":9}},"53":{"start":{"line":104,"column":12},"end":{"line":104,"column":24}},"54":{"start":{"line":106,"column":8},"end":{"line":106,"column":67}},"55":{"start":{"line":111,"column":4},"end":{"line":136,"column":5}},"56":{"start":{"line":112,"column":20},"end":{"line":116,"column":9}},"57":{"start":{"line":117,"column":8},"end":{"line":119,"column":9}},"58":{"start":{"line":118,"column":12},"end":{"line":118,"column":43}},"59":{"start":{"line":121,"column":28},"end":{"line":121,"column":70}},"60":{"start":{"line":123,"column":8},"end":{"line":125,"column":9}},"61":{"start":{"line":124,"column":12},"end":{"line":124,"column":54}},"62":{"start":{"line":127,"column":8},"end":{"line":127,"column":27}},"63":{"start":{"line":129,"column":8},"end":{"line":131,"column":9}},"64":{"start":{"line":130,"column":12},"end":{"line":130,"column":69}},"65":{"start":{"line":132,"column":8},"end":{"line":134,"column":9}},"66":{"start":{"line":133,"column":12},"end":{"line":133,"column":24}},"67":{"start":{"line":135,"column":8},"end":{"line":135,"column":67}}},"fnMap":{"0":{"name":"createUser","decl":{"start":{"line":5,"column":22},"end":{"line":5,"column":32}},"loc":{"start":{"line":5,"column":99},"end":{"line":36,"column":1}},"line":5},"1":{"name":"updateUserById","decl":{"start":{"line":38,"column":22},"end":{"line":38,"column":36}},"loc":{"start":{"line":38,"column":69},"end":{"line":83,"column":1}},"line":38},"2":{"name":"deleteUserById","decl":{"start":{"line":85,"column":22},"end":{"line":85,"column":36}},"loc":{"start":{"line":85,"column":57},"end":{"line":108,"column":1}},"line":85},"3":{"name":"updateUserPassword","decl":{"start":{"line":110,"column":22},"end":{"line":110,"column":40}},"loc":{"start":{"line":110,"column":78},"end":{"line":137,"column":1}},"line":110}},"branchMap":{"0":{"loc":{"start":{"line":5,"column":83},"end":{"line":5,"column":97}},"type":"default-arg","locations":[{"start":{"line":5,"column":93},"end":{"line":5,"column":97}}],"line":5},"1":{"loc":{"start":{"line":9,"column":8},"end":{"line":11,"column":9}},"type":"if","locations":[{"start":{"line":9,"column":8},"end":{"line":11,"column":9}},{"start":{},"end":{}}],"line":9},"2":{"loc":{"start":{"line":13,"column":8},"end":{"line":15,"column":9}},"type":"if","locations":[{"start":{"line":13,"column":8},"end":{"line":15,"column":9}},{"start":{},"end":{}}],"line":13},"3":{"loc":{"start":{"line":20,"column":18},"end":{"line":20,"column":34}},"type":"binary-expr","locations":[{"start":{"line":20,"column":18},"end":{"line":20,"column":22}},{"start":{"line":20,"column":26},"end":{"line":20,"column":34}}],"line":20},"4":{"loc":{"start":{"line":25,"column":8},"end":{"line":27,"column":9}},"type":"if","locations":[{"start":{"line":25,"column":8},"end":{"line":27,"column":9}},{"start":{},"end":{}}],"line":25},"5":{"loc":{"start":{"line":28,"column":8},"end":{"line":30,"column":9}},"type":"if","locations":[{"start":{"line":28,"column":8},"end":{"line":30,"column":9}},{"start":{},"end":{}}],"line":28},"6":{"loc":{"start":{"line":31,"column":8},"end":{"line":33,"column":9}},"type":"if","locations":[{"start":{"line":31,"column":8},"end":{"line":33,"column":9}},{"start":{},"end":{}}],"line":31},"7":{"loc":{"start":{"line":34,"column":27},"end":{"line":34,"column":60}},"type":"binary-expr","locations":[{"start":{"line":34,"column":27},"end":{"line":34,"column":40}},{"start":{"line":34,"column":44},"end":{"line":34,"column":60}}],"line":34},"8":{"loc":{"start":{"line":38,"column":53},"end":{"line":38,"column":67}},"type":"default-arg","locations":[{"start":{"line":38,"column":63},"end":{"line":38,"column":67}}],"line":38},"9":{"loc":{"start":{"line":44,"column":12},"end":{"line":46,"column":13}},"type":"if","locations":[{"start":{"line":44,"column":12},"end":{"line":46,"column":13}},{"start":{},"end":{}}],"line":44},"10":{"loc":{"start":{"line":49,"column":8},"end":{"line":60,"column":9}},"type":"if","locations":[{"start":{"line":49,"column":8},"end":{"line":60,"column":9}},{"start":{},"end":{}}],"line":49},"11":{"loc":{"start":{"line":53,"column":12},"end":{"line":55,"column":13}},"type":"if","locations":[{"start":{"line":53,"column":12},"end":{"line":55,"column":13}},{"start":{},"end":{}}],"line":53},"12":{"loc":{"start":{"line":57,"column":12},"end":{"line":59,"column":13}},"type":"if","locations":[{"start":{"line":57,"column":12},"end":{"line":59,"column":13}},{"start":{},"end":{}}],"line":57},"13":{"loc":{"start":{"line":63,"column":8},"end":{"line":65,"column":9}},"type":"if","locations":[{"start":{"line":63,"column":8},"end":{"line":65,"column":9}},{"start":{},"end":{}}],"line":63},"14":{"loc":{"start":{"line":69,"column":8},"end":{"line":71,"column":9}},"type":"if","locations":[{"start":{"line":69,"column":8},"end":{"line":71,"column":9}},{"start":{},"end":{}}],"line":69},"15":{"loc":{"start":{"line":75,"column":8},"end":{"line":77,"column":9}},"type":"if","locations":[{"start":{"line":75,"column":8},"end":{"line":77,"column":9}},{"start":{},"end":{}}],"line":75},"16":{"loc":{"start":{"line":78,"column":8},"end":{"line":80,"column":9}},"type":"if","locations":[{"start":{"line":78,"column":8},"end":{"line":80,"column":9}},{"start":{},"end":{}}],"line":78},"17":{"loc":{"start":{"line":81,"column":27},"end":{"line":81,"column":60}},"type":"binary-expr","locations":[{"start":{"line":81,"column":27},"end":{"line":81,"column":40}},{"start":{"line":81,"column":44},"end":{"line":81,"column":60}}],"line":81},"18":{"loc":{"start":{"line":85,"column":41},"end":{"line":85,"column":55}},"type":"default-arg","locations":[{"start":{"line":85,"column":51},"end":{"line":85,"column":55}}],"line":85},"19":{"loc":{"start":{"line":88,"column":8},"end":{"line":90,"column":9}},"type":"if","locations":[{"start":{"line":88,"column":8},"end":{"line":90,"column":9}},{"start":{},"end":{}}],"line":88},"20":{"loc":{"start":{"line":94,"column":8},"end":{"line":96,"column":9}},"type":"if","locations":[{"start":{"line":94,"column":8},"end":{"line":96,"column":9}},{"start":{},"end":{}}],"line":94},"21":{"loc":{"start":{"line":100,"column":8},"end":{"line":102,"column":9}},"type":"if","locations":[{"start":{"line":100,"column":8},"end":{"line":102,"column":9}},{"start":{},"end":{}}],"line":100},"22":{"loc":{"start":{"line":103,"column":8},"end":{"line":105,"column":9}},"type":"if","locations":[{"start":{"line":103,"column":8},"end":{"line":105,"column":9}},{"start":{},"end":{}}],"line":103},"23":{"loc":{"start":{"line":106,"column":27},"end":{"line":106,"column":60}},"type":"binary-expr","locations":[{"start":{"line":106,"column":27},"end":{"line":106,"column":40}},{"start":{"line":106,"column":44},"end":{"line":106,"column":60}}],"line":106},"24":{"loc":{"start":{"line":110,"column":62},"end":{"line":110,"column":76}},"type":"default-arg","locations":[{"start":{"line":110,"column":72},"end":{"line":110,"column":76}}],"line":110},"25":{"loc":{"start":{"line":117,"column":8},"end":{"line":119,"column":9}},"type":"if","locations":[{"start":{"line":117,"column":8},"end":{"line":119,"column":9}},{"start":{},"end":{}}],"line":117},"26":{"loc":{"start":{"line":123,"column":8},"end":{"line":125,"column":9}},"type":"if","locations":[{"start":{"line":123,"column":8},"end":{"line":125,"column":9}},{"start":{},"end":{}}],"line":123},"27":{"loc":{"start":{"line":129,"column":8},"end":{"line":131,"column":9}},"type":"if","locations":[{"start":{"line":129,"column":8},"end":{"line":131,"column":9}},{"start":{},"end":{}}],"line":129},"28":{"loc":{"start":{"line":132,"column":8},"end":{"line":134,"column":9}},"type":"if","locations":[{"start":{"line":132,"column":8},"end":{"line":134,"column":9}},{"start":{},"end":{}}],"line":132},"29":{"loc":{"start":{"line":135,"column":27},"end":{"line":135,"column":60}},"type":"binary-expr","locations":[{"start":{"line":135,"column":27},"end":{"line":135,"column":40}},{"start":{"line":135,"column":44},"end":{"line":135,"column":60}}],"line":135}},"s":{"0":4,"1":4,"2":4,"3":0,"4":4,"5":4,"6":1,"7":3,"8":3,"9":1,"10":1,"11":1,"12":1,"13":0,"14":0,"15":0,"16":4,"17":4,"18":4,"19":4,"20":12,"21":5,"22":4,"23":2,"24":2,"25":2,"26":0,"27":2,"28":2,"29":0,"30":4,"31":4,"32":0,"33":4,"34":4,"35":0,"36":4,"37":0,"38":0,"39":0,"40":0,"41":0,"42":3,"43":3,"44":3,"45":0,"46":3,"47":2,"48":1,"49":1,"50":2,"51":2,"52":2,"53":1,"54":1,"55":1,"56":1,"57":1,"58":0,"59":1,"60":1,"61":0,"62":1,"63":0,"64":0,"65":0,"66":0,"67":0},"f":{"0":4,"1":4,"2":3,"3":1},"b":{"0":[4],"1":[0,4],"2":[1,3],"3":[3,0],"4":[1,0],"5":[1,0],"6":[0,0],"7":[0,0],"8":[4],"9":[5,7],"10":[2,2],"11":[0,2],"12":[0,2],"13":[0,4],"14":[0,4],"15":[0,0],"16":[0,0],"17":[0,0],"18":[3],"19":[0,3],"20":[1,1],"21":[2,0],"22":[1,1],"23":[1,0],"24":[1],"25":[0,1],"26":[0,1],"27":[0,0],"28":[0,0],"29":[0,0]},"_coverageSchema":"1a1c01bbd47fc00a2c39e90264f33305004495a9","hash":"9fcb4db45bd1d1596847b93b27aef84f21264fe2"}
,"/home/james/Documents/WS/consultManagement-WB/src/infrastructure/schemas/consult.schema.js": {"path":"/home/james/Documents/WS/consultManagement-WB/src/infrastructure/schemas/consult.schema.js","statementMap":{"0":{"start":{"line":3,"column":29},"end":{"line":26,"column":2}},"1":{"start":{"line":28,"column":23},"end":{"line":28,"column":63}}},"fnMap":{},"branchMap":{},"s":{"0":33,"1":33},"f":{},"b":{},"_coverageSchema":"1a1c01bbd47fc00a2c39e90264f33305004495a9","hash":"7e89aff4b445c4c48c05a0e2480caac70d1ead21"}
,"/home/james/Documents/WS/consultManagement-WB/src/infrastructure/schemas/doctor.schema.js": {"path":"/home/james/Documents/WS/consultManagement-WB/src/infrastructure/schemas/doctor.schema.js","statementMap":{"0":{"start":{"line":3,"column":28},"end":{"line":17,"column":2}},"1":{"start":{"line":19,"column":22},"end":{"line":19,"column":60}}},"fnMap":{},"branchMap":{},"s":{"0":33,"1":33},"f":{},"b":{},"_coverageSchema":"1a1c01bbd47fc00a2c39e90264f33305004495a9","hash":"2523fe1438db17995a9630e11c37c6073e2c41af"}
,"/home/james/Documents/WS/consultManagement-WB/src/infrastructure/schemas/patient.schema.js": {"path":"/home/james/Documents/WS/consultManagement-WB/src/infrastructure/schemas/patient.schema.js","statementMap":{"0":{"start":{"line":3,"column":29},"end":{"line":17,"column":2}},"1":{"start":{"line":19,"column":23},"end":{"line":19,"column":63}}},"fnMap":{},"branchMap":{},"s":{"0":33,"1":33},"f":{},"b":{},"_coverageSchema":"1a1c01bbd47fc00a2c39e90264f33305004495a9","hash":"f46f0ca026a6c701de3771761dcb54a489b47fd4"}
,"/home/james/Documents/WS/consultManagement-WB/src/infrastructure/schemas/request.schema.js": {"path":"/home/james/Documents/WS/consultManagement-WB/src/infrastructure/schemas/request.schema.js","statementMap":{"0":{"start":{"line":3,"column":22},"end":{"line":16,"column":2}},"1":{"start":{"line":18,"column":23},"end":{"line":18,"column":63}}},"fnMap":{},"branchMap":{},"s":{"0":33,"1":33},"f":{},"b":{},"_coverageSchema":"1a1c01bbd47fc00a2c39e90264f33305004495a9","hash":"2c047088983d58b421e47840e74a67eddfa58fa5"}
,"/home/james/Documents/WS/consultManagement-WB/src/infrastructure/schemas/user.schema.js": {"path":"/home/james/Documents/WS/consultManagement-WB/src/infrastructure/schemas/user.schema.js","statementMap":{"0":{"start":{"line":5,"column":26},"end":{"line":41,"column":24}},"1":{"start":{"line":43,"column":0},"end":{"line":45,"column":2}},"2":{"start":{"line":44,"column":4},"end":{"line":44,"column":64}},"3":{"start":{"line":47,"column":20},"end":{"line":47,"column":54}}},"fnMap":{"0":{"name":"(anonymous_0)","decl":{"start":{"line":43,"column":37},"end":{"line":43,"column":38}},"loc":{"start":{"line":43,"column":65},"end":{"line":45,"column":1}},"line":43}},"branchMap":{},"s":{"0":33,"1":33,"2":0,"3":33},"f":{"0":0},"b":{},"_coverageSchema":"1a1c01bbd47fc00a2c39e90264f33305004495a9","hash":"48185a93ecf8fd50c26394947fa327f93f1861a2"}
,"/home/james/Documents/WS/consultManagement-WB/src/test-helpers/test-utils.js": {"path":"/home/james/Documents/WS/consultManagement-WB/src/test-helpers/test-utils.js","statementMap":{"0":{"start":{"line":5,"column":34},"end":{"line":5,"column":96}},"1":{"start":{"line":9,"column":4},"end":{"line":9,"column":86}}},"fnMap":{"0":{"name":"generateToken","decl":{"start":{"line":7,"column":16},"end":{"line":7,"column":29}},"loc":{"start":{"line":7,"column":44},"end":{"line":10,"column":1}},"line":7}},"branchMap":{},"s":{"0":18,"1":102},"f":{"0":102},"b":{},"_coverageSchema":"1a1c01bbd47fc00a2c39e90264f33305004495a9","hash":"5d61b7fde5737bd4237852c3cf2752078f44c8bd"}
}
