TN:
SF:server.js
FN:37,(anonymous_0)
FN:41,(anonymous_1)
FN:46,(anonymous_2)
FN:54,(anonymous_3)
FN:63,(anonymous_4)
FNF:5
FNH:1
FNDA:0,(anonymous_0)
FNDA:0,(anonymous_1)
FNDA:132,(anonymous_2)
FNDA:0,(anonymous_3)
FNDA:0,(anonymous_4)
DA:4,33
DA:18,33
DA:22,33
DA:24,33
DA:25,33
DA:27,33
DA:30,33
DA:31,33
DA:32,33
DA:34,33
DA:35,0
DA:37,0
DA:38,0
DA:41,0
DA:42,0
DA:46,33
DA:47,132
DA:48,132
DA:51,33
DA:54,33
DA:55,0
DA:57,33
DA:59,33
DA:60,33
DA:62,33
DA:63,0
DA:64,0
LF:27
LH:19
BRDA:34,0,0,0
BRDA:34,0,1,33
BRDA:62,1,0,0
BRDA:62,1,1,33
BRF:4
BRH:2
end_of_record
TN:
SF:jest/jest.setup.js
FN:6,(anonymous_0)
FN:13,(anonymous_1)
FN:19,(anonymous_2)
FNF:3
FNH:3
FNDA:32,(anonymous_0)
FNDA:32,(anonymous_1)
FNDA:126,(anonymous_2)
DA:6,32
DA:7,32
DA:8,32
DA:10,32
DA:13,32
DA:14,32
DA:15,32
DA:16,32
DA:19,32
DA:20,126
DA:22,126
DA:23,630
DA:24,630
LF:13
LH:13
BRF:0
BRH:0
end_of_record
TN:
SF:src/application/controllers/authController.js
FN:6,registerController
FN:25,loginController
FNF:2
FNH:2
FNDA:8,registerController
FNDA:7,loginController
DA:7,8
DA:9,8
DA:10,8
DA:11,4
DA:14,4
DA:15,4
DA:16,3
DA:18,1
DA:19,1
DA:21,1
DA:26,7
DA:28,7
DA:29,7
DA:30,1
DA:33,6
DA:34,6
DA:35,3
DA:37,2
DA:38,2
DA:40,2
LF:20
LH:20
BRDA:10,0,0,4
BRDA:10,0,1,4
BRDA:18,1,0,1
BRDA:18,1,1,0
BRDA:29,2,0,1
BRDA:29,2,1,6
BRDA:37,3,0,2
BRDA:37,3,1,0
BRF:8
BRH:6
end_of_record
TN:
SF:src/application/controllers/consultController.js
FN:14,createConsultController
FN:31,updateConsultByIdController
FN:51,deleteConsultByIdController
FN:66,getAllConsultController
FN:75,getConsultByDateController
FN:85,getConsultByDoctorIdController
FN:95,getConsultByIdController
FN:109,getConsultByPatientIdController
FNF:8
FNH:8
FNDA:8,createConsultController
FNDA:4,updateConsultByIdController
FNDA:2,deleteConsultByIdController
FNDA:3,getAllConsultController
FNDA:2,getConsultByDateController
FNDA:3,getConsultByDoctorIdController
FNDA:2,getConsultByIdController
FNDA:3,getConsultByPatientIdController
DA:15,8
DA:17,8
DA:19,8
DA:20,4
DA:23,4
DA:24,4
DA:25,2
DA:27,2
DA:32,4
DA:33,4
DA:35,4
DA:37,4
DA:38,0
DA:40,4
DA:41,4
DA:42,1
DA:43,0
DA:45,1
DA:47,3
DA:52,2
DA:53,2
DA:54,2
DA:56,1
DA:57,0
DA:60,1
DA:62,1
DA:67,3
DA:68,3
DA:69,2
DA:71,1
DA:76,2
DA:77,2
DA:78,2
DA:79,2
DA:81,0
DA:86,3
DA:87,3
DA:88,3
DA:89,2
DA:91,1
DA:96,2
DA:97,2
DA:98,2
DA:100,2
DA:101,1
DA:103,1
DA:105,0
DA:110,3
DA:111,3
DA:112,3
DA:113,2
DA:115,1
LF:52
LH:47
BRDA:19,0,0,4
BRDA:19,0,1,4
BRDA:37,1,0,0
BRDA:37,1,1,4
BRDA:42,2,0,0
BRDA:42,2,1,1
BRDA:56,3,0,0
BRDA:56,3,1,1
BRDA:100,4,0,1
BRDA:100,4,1,1
BRF:10
BRH:7
end_of_record
TN:
SF:src/application/controllers/doctorController.js
FN:13,createDoctorHandler
FN:29,updateDoctorHandler
FN:50,deleteDoctorHandler
FN:64,listDoctorsHandler
FN:73,getDoctorByIdHandler
FN:88,findDoctorByNameHandler
FN:104,listDoctorsBySpecialtyHandler
FNF:7
FNH:7
FNDA:3,createDoctorHandler
FNDA:3,updateDoctorHandler
FNDA:3,deleteDoctorHandler
FNDA:3,listDoctorsHandler
FNDA:2,getDoctorByIdHandler
FNDA:2,findDoctorByNameHandler
FNDA:3,listDoctorsBySpecialtyHandler
DA:14,3
DA:16,3
DA:18,3
DA:19,2
DA:21,1
DA:22,1
DA:23,1
DA:25,0
DA:30,3
DA:31,3
DA:33,3
DA:35,3
DA:36,2
DA:39,1
DA:40,1
DA:41,1
DA:42,0
DA:44,1
DA:46,0
DA:51,3
DA:53,3
DA:54,3
DA:55,2
DA:56,1
DA:58,1
DA:60,1
DA:65,3
DA:66,3
DA:67,2
DA:69,1
DA:74,2
DA:75,2
DA:76,2
DA:78,2
DA:79,1
DA:82,1
DA:84,0
DA:89,2
DA:91,2
DA:92,2
DA:94,2
DA:95,0
DA:98,2
DA:100,0
DA:105,3
DA:106,3
DA:107,3
DA:109,2
DA:110,0
DA:113,2
DA:115,1
LF:51
LH:44
BRDA:18,0,0,2
BRDA:18,0,1,1
BRDA:35,1,0,2
BRDA:35,1,1,1
BRDA:41,2,0,0
BRDA:41,2,1,1
BRDA:55,3,0,1
BRDA:55,3,1,1
BRDA:78,4,0,1
BRDA:78,4,1,1
BRDA:94,5,0,0
BRDA:94,5,1,2
BRDA:109,6,0,0
BRDA:109,6,1,2
BRF:14
BRH:11
end_of_record
TN:
SF:src/application/controllers/patientController.js
FN:12,createPatientHandler
FN:29,updatePatientHandler
FN:50,deletePatientHandler
FN:64,listPatientsHandler
FN:73,getPatientByIdHandler
FN:88,findPatientByNameHandler
FN:104,listPatientsByAgeHandler
FNF:7
FNH:7
FNDA:3,createPatientHandler
FNDA:3,updatePatientHandler
FNDA:3,deletePatientHandler
FNDA:3,listPatientsHandler
FNDA:2,getPatientByIdHandler
FNDA:2,findPatientByNameHandler
FNDA:3,listPatientsByAgeHandler
DA:13,3
DA:15,3
DA:17,3
DA:18,2
DA:21,1
DA:22,1
DA:23,1
DA:25,0
DA:30,3
DA:31,3
DA:33,3
DA:35,3
DA:36,2
DA:39,1
DA:40,1
DA:41,1
DA:42,0
DA:44,1
DA:46,0
DA:51,3
DA:53,3
DA:54,3
DA:55,2
DA:56,1
DA:58,1
DA:60,1
DA:65,3
DA:66,3
DA:67,2
DA:69,1
DA:74,2
DA:75,2
DA:76,2
DA:78,2
DA:79,1
DA:82,1
DA:84,0
DA:89,2
DA:91,2
DA:92,2
DA:94,2
DA:95,0
DA:98,2
DA:100,0
DA:105,3
DA:107,3
DA:108,3
DA:110,2
DA:111,0
DA:114,2
DA:116,1
LF:51
LH:44
BRDA:17,0,0,2
BRDA:17,0,1,1
BRDA:35,1,0,2
BRDA:35,1,1,1
BRDA:41,2,0,0
BRDA:41,2,1,1
BRDA:55,3,0,1
BRDA:55,3,1,1
BRDA:78,4,0,1
BRDA:78,4,1,1
BRDA:94,5,0,0
BRDA:94,5,1,2
BRDA:110,6,0,0
BRDA:110,6,1,2
BRF:14
BRH:11
end_of_record
TN:
SF:src/application/controllers/requestController.js
FN:4,createRequestController
FN:18,getRequestByIdController
FN:28,listRequestsController
FNF:3
FNH:0
FNDA:0,createRequestController
FNDA:0,getRequestByIdController
FNDA:0,listRequestsController
DA:5,0
DA:6,0
DA:7,0
DA:8,0
DA:10,0
DA:11,0
DA:13,0
DA:19,0
DA:20,0
DA:21,0
DA:22,0
DA:24,0
DA:29,0
DA:30,0
DA:31,0
DA:33,0
LF:16
LH:0
BRDA:10,0,0,0
BRDA:10,0,1,0
BRF:2
BRH:0
end_of_record
TN:
SF:src/application/controllers/userController.js
FN:21,listUsersHandler
FN:36,getUserByIdHandler
FN:49,findUserByNameHandler
FN:65,findUserByEmailHandler
FN:78,listUsersByRoleHandler
FN:99,updateUserHandler
FN:151,deleteUserHandler
FN:164,changePasswordHandler
FNF:8
FNH:8
FNDA:5,listUsersHandler
FNDA:3,getUserByIdHandler
FNDA:4,findUserByNameHandler
FNDA:2,findUserByEmailHandler
FNDA:5,listUsersByRoleHandler
FNDA:9,updateUserHandler
FNDA:3,deleteUserHandler
FNDA:11,changePasswordHandler
DA:22,5
DA:23,5
DA:24,5
DA:26,5
DA:27,5
DA:29,0
DA:30,0
DA:32,0
DA:37,3
DA:38,3
DA:39,3
DA:40,1
DA:42,2
DA:43,2
DA:45,2
DA:50,4
DA:51,4
DA:52,4
DA:53,4
DA:55,4
DA:56,4
DA:58,0
DA:59,0
DA:61,0
DA:66,2
DA:67,2
DA:68,2
DA:69,1
DA:71,1
DA:72,1
DA:74,1
DA:79,5
DA:80,5
DA:81,5
DA:82,5
DA:84,5
DA:85,5
DA:86,1
DA:89,4
DA:90,4
DA:92,0
DA:93,0
DA:95,0
DA:100,9
DA:101,9
DA:102,9
DA:103,9
DA:105,9
DA:106,0
DA:110,9
DA:111,8
DA:112,0
DA:116,8
DA:117,0
DA:121,8
DA:122,1
DA:125,7
DA:126,1
DA:129,6
DA:130,1
DA:134,5
DA:135,3
DA:136,3
DA:137,1
DA:141,4
DA:142,4
DA:144,1
DA:145,1
DA:147,1
DA:152,3
DA:153,3
DA:154,3
DA:155,1
DA:157,2
DA:158,2
DA:160,2
DA:165,11
DA:166,11
DA:167,11
DA:170,11
DA:171,11
DA:172,0
DA:175,11
DA:178,10
DA:179,0
DA:182,10
DA:183,0
DA:186,10
DA:187,10
DA:188,8
DA:191,2
DA:192,1
DA:194,2
DA:195,2
DA:197,2
LF:95
LH:80
BRDA:23,0,0,5
BRDA:23,0,1,3
BRDA:24,1,0,5
BRDA:24,1,1,3
BRDA:29,2,0,0
BRDA:29,2,1,0
BRDA:42,3,0,2
BRDA:42,3,1,0
BRDA:52,4,0,4
BRDA:52,4,1,2
BRDA:53,5,0,4
BRDA:53,5,1,2
BRDA:58,6,0,0
BRDA:58,6,1,0
BRDA:71,7,0,1
BRDA:71,7,1,0
BRDA:81,8,0,5
BRDA:81,8,1,3
BRDA:82,9,0,5
BRDA:82,9,1,3
BRDA:85,10,0,1
BRDA:85,10,1,4
BRDA:92,11,0,0
BRDA:92,11,1,0
BRDA:105,12,0,0
BRDA:105,12,1,9
BRDA:111,13,0,0
BRDA:111,13,1,8
BRDA:116,14,0,0
BRDA:116,14,1,8
BRDA:116,15,0,8
BRDA:116,15,1,6
BRDA:121,16,0,1
BRDA:121,16,1,7
BRDA:121,17,0,8
BRDA:121,17,1,6
BRDA:121,17,2,3
BRDA:125,18,0,1
BRDA:125,18,1,6
BRDA:125,19,0,7
BRDA:125,19,1,4
BRDA:129,20,0,1
BRDA:129,20,1,5
BRDA:129,21,0,6
BRDA:129,21,1,2
BRDA:134,22,0,3
BRDA:134,22,1,2
BRDA:134,23,0,5
BRDA:134,23,1,3
BRDA:136,24,0,1
BRDA:136,24,1,2
BRDA:144,25,0,1
BRDA:144,25,1,0
BRDA:157,26,0,2
BRDA:157,26,1,0
BRDA:171,27,0,0
BRDA:171,27,1,11
BRDA:178,28,0,0
BRDA:178,28,1,10
BRDA:182,29,0,0
BRDA:182,29,1,10
BRDA:182,30,0,10
BRDA:182,30,1,10
BRDA:187,31,0,8
BRDA:187,31,1,2
BRDA:194,32,0,2
BRDA:194,32,1,0
BRF:67
BRH:50
end_of_record
TN:
SF:src/application/middleware/authMiddleware.js
FN:6,ensureAuthenticated
FN:31,(anonymous_1)
FN:32,(anonymous_2)
FNF:3
FNH:3
FNDA:84,ensureAuthenticated
FNDA:528,(anonymous_1)
FNDA:44,(anonymous_2)
DA:7,84
DA:8,84
DA:9,8
DA:11,76
DA:13,76
DA:14,76
DA:16,76
DA:17,0
DA:20,76
DA:25,76
DA:27,0
DA:31,33
DA:32,528
DA:33,44
DA:35,44
DA:36,41
DA:39,3
DA:41,3
DA:42,2
DA:45,1
LF:20
LH:18
BRDA:8,0,0,8
BRDA:8,0,1,76
BRDA:16,1,0,0
BRDA:16,1,1,76
BRDA:16,2,0,76
BRDA:16,2,1,76
BRDA:33,3,0,44
BRDA:33,3,1,0
BRDA:35,4,0,41
BRDA:35,4,1,3
BRDA:41,5,0,2
BRDA:41,5,1,1
BRF:12
BRH:10
end_of_record
TN:
SF:src/application/middleware/errorHandler.js
FN:3,errorHandler
FNF:1
FNH:1
FNDA:71,errorHandler
DA:4,71
DA:5,71
DA:8,71
DA:15,71
LF:4
LH:4
BRDA:4,0,0,71
BRDA:4,0,1,10
BRDA:5,1,0,71
BRDA:5,1,1,0
BRDA:12,2,0,71
BRDA:12,2,1,0
BRF:6
BRH:4
end_of_record
TN:
SF:src/application/router/routes.js
FNF:0
FNH:0
DA:48,33
DA:51,33
DA:53,33
DA:55,0
DA:57,33
DA:59,33
DA:60,33
DA:61,33
DA:62,33
DA:63,33
DA:64,33
DA:65,33
DA:66,33
DA:68,33
DA:69,33
DA:70,33
DA:71,33
DA:72,33
DA:73,33
DA:74,33
DA:76,33
DA:77,33
DA:78,33
DA:79,33
DA:80,33
DA:81,33
DA:82,33
DA:85,33
DA:86,33
DA:87,33
DA:88,33
DA:89,33
DA:91,33
DA:92,33
DA:93,33
DA:96,33
DA:97,33
DA:98,33
LF:38
LH:37
BRDA:51,0,0,33
BRDA:51,0,1,0
BRF:2
BRH:1
end_of_record
TN:
SF:src/config/env.js
FNF:0
FNH:0
DA:6,33
DA:7,33
DA:8,33
DA:9,33
DA:10,33
LF:5
LH:5
BRDA:6,0,0,33
BRDA:6,0,1,33
BRDA:7,1,0,33
BRDA:7,1,1,0
BRDA:8,2,0,33
BRDA:8,2,1,33
BRDA:8,3,0,0
BRDA:8,3,1,33
BRDA:9,4,0,33
BRDA:9,4,1,33
BRDA:10,5,0,33
BRDA:10,5,1,33
BRF:12
BRH:10
end_of_record
TN:
SF:src/domain/error/customErros.js
FN:2,(anonymous_0)
FN:10,(anonymous_1)
FN:16,(anonymous_2)
FNF:3
FNH:3
FNDA:69,(anonymous_0)
FNDA:11,(anonymous_1)
FNDA:29,(anonymous_2)
DA:3,69
DA:4,69
DA:5,69
DA:11,11
DA:17,29
LF:5
LH:5
BRDA:2,0,0,0
BRDA:4,1,0,69
BRDA:4,1,1,0
BRDA:10,2,0,0
BRDA:16,3,0,0
BRF:5
BRH:1
end_of_record
TN:
SF:src/domain/services/authService.js
FN:11,registerService
FN:71,loginService
FNF:2
FNH:2
FNDA:4,registerService
FNDA:6,loginService
DA:12,4
DA:13,4
DA:15,4
DA:16,4
DA:17,4
DA:19,4
DA:22,4
DA:23,1
DA:27,1
DA:31,3
DA:32,3
DA:36,3
DA:42,4
DA:50,3
DA:52,3
DA:57,3
DA:61,3
DA:62,3
DA:64,1
DA:65,1
DA:67,4
DA:72,6
DA:73,6
DA:80,5
DA:81,1
DA:84,4
DA:85,4
DA:86,1
DA:89,3
DA:94,3
DA:96,3
DA:97,3
DA:99,3
LF:33
LH:33
BRDA:11,0,0,0
BRDA:11,1,0,0
BRDA:22,2,0,1
BRDA:22,2,1,3
BRDA:22,3,0,4
BRDA:22,3,1,1
BRDA:31,4,0,3
BRDA:31,4,1,0
BRDA:31,5,0,3
BRDA:31,5,1,3
BRDA:72,6,0,6
BRDA:72,6,1,0
BRDA:80,7,0,1
BRDA:80,7,1,4
BRDA:85,8,0,1
BRDA:85,8,1,3
BRF:16
BRH:12
end_of_record
TN:
SF:src/domain/services/consult.service.js
FN:19,createConsultService
FN:48,updateConsultByIdService
FN:94,deleteConsultByIdService
FN:117,getAllConsultService
FN:125,getConsultByDateService
FN:133,getConsultByDoctorIdService
FN:141,getConsultByIdService
FN:149,getConsultByPatientIdService
FNF:8
FNH:8
FNDA:4,createConsultService
FNDA:4,updateConsultByIdService
FNDA:2,deleteConsultByIdService
FNDA:3,getAllConsultService
FNDA:2,getConsultByDateService
FNDA:3,getConsultByDoctorIdService
FNDA:2,getConsultByIdService
FNDA:3,getConsultByPatientIdService
DA:20,4
DA:21,4
DA:22,1
DA:25,3
DA:26,3
DA:27,1
DA:30,2
DA:31,2
DA:33,2
DA:37,2
DA:42,2
DA:44,0
DA:50,4
DA:52,4
DA:53,1
DA:56,3
DA:58,3
DA:59,1
DA:62,2
DA:64,2
DA:65,1
DA:67,1
DA:68,1
DA:72,1
DA:76,1
DA:78,1
DA:79,1
DA:80,1
DA:83,1
DA:84,1
DA:85,1
DA:88,1
DA:90,0
DA:95,2
DA:96,2
DA:98,2
DA:99,1
DA:102,1
DA:106,1
DA:108,1
DA:109,1
DA:111,1
DA:113,1
DA:118,3
DA:119,3
DA:121,1
DA:126,2
DA:127,2
DA:129,0
DA:134,3
DA:135,3
DA:137,1
DA:142,2
DA:143,2
DA:145,0
DA:150,3
DA:151,3
DA:153,1
LF:58
LH:54
BRDA:21,0,0,1
BRDA:21,0,1,3
BRDA:26,1,0,1
BRDA:26,1,1,2
BRDA:44,2,0,0
BRDA:44,2,1,0
BRDA:52,3,0,1
BRDA:52,3,1,3
BRDA:58,4,0,1
BRDA:58,4,1,2
BRDA:64,5,0,1
BRDA:64,5,1,1
BRDA:78,6,0,1
BRDA:78,6,1,0
BRDA:83,7,0,1
BRDA:83,7,1,0
BRDA:90,8,0,0
BRDA:90,8,1,0
BRDA:98,9,0,1
BRDA:98,9,1,1
BRDA:113,10,0,0
BRDA:113,10,1,0
BRDA:121,11,0,0
BRDA:121,11,1,0
BRDA:129,12,0,0
BRDA:129,12,1,0
BRDA:137,13,0,0
BRDA:137,13,1,0
BRDA:145,14,0,0
BRDA:145,14,1,0
BRDA:153,15,0,0
BRDA:153,15,1,0
BRF:32
BRH:14
end_of_record
TN:
SF:src/domain/services/doctor.service.js
FN:13,createDoctorService
FN:21,updateDoctorService
FN:29,deleteDoctorService
FN:38,getAllDoctorsService
FN:46,getDoctorByIdService
FN:55,getDoctorByNameService
FN:63,getDoctorBySpecialtyService
FNF:7
FNH:7
FNDA:2,createDoctorService
FNDA:1,updateDoctorService
FNDA:3,deleteDoctorService
FNDA:3,getAllDoctorsService
FNDA:2,getDoctorByIdService
FNDA:2,getDoctorByNameService
FNDA:3,getDoctorBySpecialtyService
DA:14,2
DA:15,2
DA:17,0
DA:22,1
DA:23,1
DA:25,0
DA:30,3
DA:31,3
DA:33,1
DA:39,3
DA:40,3
DA:42,1
DA:47,2
DA:48,2
DA:50,0
DA:56,2
DA:57,2
DA:59,0
DA:64,3
DA:65,3
DA:67,1
LF:21
LH:17
BRDA:17,0,0,0
BRDA:17,0,1,0
BRDA:25,1,0,0
BRDA:25,1,1,0
BRDA:33,2,0,0
BRDA:33,2,1,0
BRDA:42,3,0,0
BRDA:42,3,1,0
BRDA:50,4,0,0
BRDA:50,4,1,0
BRDA:59,5,0,0
BRDA:59,5,1,0
BRDA:67,6,0,0
BRDA:67,6,1,0
BRF:14
BRH:0
end_of_record
TN:
SF:src/domain/services/patient.service.js
FN:13,createPatientService
FN:21,updatePatientService
FN:29,deletePatientService
FN:38,getAllPatientsService
FN:46,getPatientByIdService
FN:55,getPatientByNameService
FN:63,getPatientByAgeService
FNF:7
FNH:7
FNDA:2,createPatientService
FNDA:1,updatePatientService
FNDA:3,deletePatientService
FNDA:3,getAllPatientsService
FNDA:2,getPatientByIdService
FNDA:2,getPatientByNameService
FNDA:3,getPatientByAgeService
DA:14,2
DA:15,2
DA:17,0
DA:22,1
DA:23,1
DA:25,0
DA:30,3
DA:31,3
DA:33,1
DA:39,3
DA:40,3
DA:42,1
DA:47,2
DA:48,2
DA:50,0
DA:56,2
DA:57,2
DA:59,0
DA:64,3
DA:65,3
DA:67,1
LF:21
LH:17
BRDA:17,0,0,0
BRDA:17,0,1,0
BRDA:25,1,0,0
BRDA:25,1,1,0
BRDA:33,2,0,0
BRDA:33,2,1,0
BRDA:42,3,0,0
BRDA:42,3,1,0
BRDA:50,4,0,0
BRDA:50,4,1,0
BRDA:59,5,0,0
BRDA:59,5,1,0
BRDA:67,6,0,0
BRDA:67,6,1,0
BRF:14
BRH:0
end_of_record
TN:
SF:src/domain/services/request.service.js
FN:4,createRequestService
FN:12,getRequestByIdService
FN:16,listRequestsService
FNF:3
FNH:0
FNDA:0,createRequestService
FNDA:0,getRequestByIdService
FNDA:0,listRequestsService
DA:5,0
DA:6,0
DA:8,0
DA:9,0
DA:13,0
DA:17,0
LF:6
LH:0
BRDA:5,0,0,0
BRDA:5,0,1,0
BRDA:5,1,0,0
BRDA:5,1,1,0
BRF:4
BRH:0
end_of_record
TN:
SF:src/domain/services/user.service.js
FN:17,getAllUsersService
FN:25,getUserByIdService
FN:40,getUserByNameService
FN:48,getUserByEmailService
FN:63,getUserByRoleService
FN:71,updateUserService
FN:100,deleteUserService
FN:111,changePasswordService
FN:143,checkEmailExistsService
FNF:9
FNH:9
FNDA:5,getAllUsersService
FNDA:23,getUserByIdService
FNDA:4,getUserByNameService
FNDA:2,getUserByEmailService
FNDA:4,getUserByRoleService
FNDA:4,updateUserService
FNDA:3,deleteUserService
FNDA:2,changePasswordService
FNDA:3,checkEmailExistsService
DA:18,5
DA:19,5
DA:21,0
DA:26,23
DA:27,23
DA:28,22
DA:29,3
DA:31,19
DA:33,4
DA:34,4
DA:36,0
DA:41,4
DA:42,4
DA:44,0
DA:49,2
DA:50,2
DA:51,2
DA:52,1
DA:54,1
DA:56,1
DA:57,1
DA:59,0
DA:64,4
DA:65,4
DA:67,0
DA:72,4
DA:73,4
DA:75,4
DA:76,2
DA:79,4
DA:80,2
DA:83,4
DA:84,1
DA:87,4
DA:88,0
DA:91,4
DA:93,0
DA:94,0
DA:96,0
DA:101,3
DA:102,3
DA:104,2
DA:105,2
DA:107,0
DA:112,2
DA:113,2
DA:114,2
DA:115,0
DA:118,2
DA:120,2
DA:121,0
DA:124,2
DA:125,2
DA:126,2
DA:127,1
DA:131,1
DA:132,1
DA:134,1
DA:136,1
DA:137,1
DA:139,0
DA:144,3
DA:145,3
LF:63
LH:50
BRDA:17,0,0,0
BRDA:17,1,0,0
BRDA:21,2,0,0
BRDA:21,2,1,0
BRDA:28,3,0,3
BRDA:28,3,1,19
BRDA:33,4,0,4
BRDA:33,4,1,0
BRDA:36,5,0,0
BRDA:36,5,1,0
BRDA:40,6,0,0
BRDA:40,7,0,0
BRDA:44,8,0,0
BRDA:44,8,1,0
BRDA:51,9,0,1
BRDA:51,9,1,1
BRDA:56,10,0,1
BRDA:56,10,1,0
BRDA:59,11,0,0
BRDA:59,11,1,0
BRDA:63,12,0,0
BRDA:63,13,0,0
BRDA:67,14,0,0
BRDA:67,14,1,0
BRDA:75,15,0,2
BRDA:75,15,1,2
BRDA:79,16,0,2
BRDA:79,16,1,2
BRDA:83,17,0,1
BRDA:83,17,1,3
BRDA:87,18,0,0
BRDA:87,18,1,4
BRDA:93,19,0,0
BRDA:93,19,1,0
BRDA:96,20,0,0
BRDA:96,20,1,0
BRDA:104,21,0,2
BRDA:104,21,1,0
BRDA:107,22,0,0
BRDA:107,22,1,0
BRDA:111,23,0,0
BRDA:114,24,0,0
BRDA:114,24,1,2
BRDA:120,25,0,0
BRDA:120,25,1,2
BRDA:124,26,0,2
BRDA:124,26,1,0
BRDA:126,27,0,1
BRDA:126,27,1,1
BRDA:136,28,0,1
BRDA:136,28,1,0
BRDA:139,29,0,0
BRDA:139,29,1,0
BRF:53
BRH:20
end_of_record
TN:
SF:src/domain/utils/validation.js
FN:1,isValidString
FN:3,isValidSalary
FN:5,validateEmail
FNF:3
FNH:1
FNDA:0,isValidString
FNDA:0,isValidSalary
FNDA:4,validateEmail
DA:1,0
DA:3,0
DA:6,4
DA:7,4
LF:4
LH:2
BRDA:1,0,0,0
BRDA:1,0,1,0
BRDA:3,1,0,0
BRDA:3,1,1,0
BRF:4
BRH:0
end_of_record
TN:
SF:src/domain/validation/auth.js
FN:1,validateRegisterData
FN:85,validateLoginData
FNF:2
FNH:2
FNDA:8,validateRegisterData
FNDA:7,validateLoginData
DA:2,8
DA:3,0
DA:6,8
DA:7,0
DA:10,8
DA:11,8
DA:12,1
DA:15,7
DA:16,0
DA:19,7
DA:20,7
DA:21,7
DA:22,7
DA:23,7
DA:25,7
DA:26,1
DA:29,6
DA:30,0
DA:33,6
DA:34,0
DA:37,6
DA:38,0
DA:41,6
DA:42,0
DA:45,6
DA:46,6
DA:47,6
DA:49,6
DA:50,0
DA:53,6
DA:54,0
DA:58,6
DA:59,6
DA:60,0
DA:64,6
DA:65,2
DA:66,1
DA:68,1
DA:69,0
DA:73,5
DA:74,4
DA:75,1
DA:77,3
DA:78,0
DA:82,4
DA:86,7
DA:87,0
DA:89,7
DA:90,7
DA:91,1
DA:93,6
DA:94,0
DA:96,6
LF:53
LH:39
BRDA:1,0,0,0
BRDA:1,1,0,2
BRDA:2,2,0,0
BRDA:2,2,1,8
BRDA:2,3,0,8
BRDA:2,3,1,8
BRDA:6,4,0,0
BRDA:6,4,1,8
BRDA:6,5,0,8
BRDA:6,5,1,8
BRDA:11,6,0,1
BRDA:11,6,1,7
BRDA:15,7,0,0
BRDA:15,7,1,7
BRDA:15,8,0,7
BRDA:15,8,1,7
BRDA:25,9,0,1
BRDA:25,9,1,6
BRDA:29,10,0,0
BRDA:29,10,1,6
BRDA:33,11,0,0
BRDA:33,11,1,6
BRDA:37,12,0,0
BRDA:37,12,1,6
BRDA:41,13,0,0
BRDA:41,13,1,6
BRDA:49,14,0,0
BRDA:49,14,1,6
BRDA:49,15,0,6
BRDA:49,15,1,0
BRDA:53,16,0,0
BRDA:53,16,1,6
BRDA:53,17,0,6
BRDA:53,17,1,0
BRDA:59,18,0,0
BRDA:59,18,1,6
BRDA:64,19,0,2
BRDA:64,19,1,4
BRDA:65,20,0,1
BRDA:65,20,1,1
BRDA:65,21,0,2
BRDA:65,21,1,1
BRDA:68,22,0,0
BRDA:68,22,1,1
BRDA:68,23,0,1
BRDA:68,23,1,1
BRDA:73,24,0,4
BRDA:73,24,1,1
BRDA:74,25,0,1
BRDA:74,25,1,3
BRDA:74,26,0,4
BRDA:74,26,1,3
BRDA:77,27,0,0
BRDA:77,27,1,3
BRDA:77,28,0,3
BRDA:77,28,1,3
BRDA:77,28,2,3
BRDA:86,29,0,0
BRDA:86,29,1,7
BRDA:86,30,0,7
BRDA:86,30,1,7
BRDA:90,31,0,1
BRDA:90,31,1,6
BRDA:93,32,0,0
BRDA:93,32,1,6
BRDA:93,33,0,6
BRDA:93,33,1,6
BRF:67
BRH:50
end_of_record
TN:
SF:src/domain/validation/consult.js
FN:1,validateConsultData
FNF:1
FNH:1
FNDA:12,validateConsultData
DA:2,12
DA:3,1
DA:6,11
DA:7,1
DA:10,10
DA:11,1
DA:14,9
DA:15,1
DA:18,8
DA:19,0
DA:22,8
LF:11
LH:10
BRDA:2,0,0,1
BRDA:2,0,1,11
BRDA:2,1,0,12
BRDA:2,1,1,11
BRDA:6,2,0,1
BRDA:6,2,1,10
BRDA:6,3,0,11
BRDA:6,3,1,10
BRDA:10,4,0,1
BRDA:10,4,1,9
BRDA:10,5,0,10
BRDA:10,5,1,9
BRDA:14,6,0,1
BRDA:14,6,1,8
BRDA:14,7,0,9
BRDA:14,7,1,8
BRDA:18,8,0,0
BRDA:18,8,1,8
BRDA:18,9,0,8
BRDA:18,9,1,0
BRF:20
BRH:18
end_of_record
TN:
SF:src/domain/validation/doctor.js
FN:1,validateDoctorData
FNF:1
FNH:1
FNDA:6,validateDoctorData
DA:2,6
DA:3,2
DA:5,4
DA:6,2
DA:8,2
LF:5
LH:5
BRDA:2,0,0,2
BRDA:2,0,1,4
BRDA:2,1,0,6
BRDA:2,1,1,4
BRDA:5,2,0,2
BRDA:5,2,1,2
BRDA:5,3,0,4
BRDA:5,3,1,2
BRF:8
BRH:8
end_of_record
TN:
SF:src/domain/validation/patient.js
FN:1,validatePatientData
FNF:1
FNH:1
FNDA:6,validatePatientData
DA:2,6
DA:3,2
DA:5,4
DA:6,2
DA:8,2
LF:5
LH:5
BRDA:2,0,0,2
BRDA:2,0,1,4
BRDA:2,1,0,6
BRDA:2,1,1,4
BRDA:5,2,0,2
BRDA:5,2,1,2
BRDA:5,3,0,4
BRDA:5,3,1,2
BRF:8
BRH:8
end_of_record
TN:
SF:src/domain/validation/user.js
FN:1,validateUpdateUserData
FN:33,validatePasswordChange
FN:91,validateUserRole
FNF:3
FNH:2
FNDA:0,validateUpdateUserData
FNDA:10,validatePasswordChange
FNDA:5,validateUserRole
DA:2,0
DA:3,0
DA:4,0
DA:8,0
DA:9,0
DA:10,0
DA:13,0
DA:14,0
DA:15,0
DA:19,0
DA:20,0
DA:21,0
DA:24,0
DA:25,0
DA:26,0
DA:30,0
DA:34,10
DA:35,0
DA:38,10
DA:39,0
DA:42,10
DA:43,1
DA:46,9
DA:47,9
DA:48,9
DA:49,9
DA:50,9
DA:52,9
DA:53,1
DA:56,8
DA:57,1
DA:60,7
DA:61,1
DA:64,6
DA:65,1
DA:68,5
DA:69,1
DA:72,4
DA:73,4
DA:74,4
DA:75,4
DA:76,0
DA:80,4
DA:81,4
DA:82,4
DA:83,4
DA:84,2
DA:88,2
DA:92,5
DA:93,0
DA:96,5
DA:97,5
DA:98,1
DA:101,4
LF:54
LH:34
BRDA:2,0,0,0
BRDA:2,0,1,0
BRDA:3,1,0,0
BRDA:3,1,1,0
BRDA:3,2,0,0
BRDA:3,2,1,0
BRDA:8,3,0,0
BRDA:8,3,1,0
BRDA:9,4,0,0
BRDA:9,4,1,0
BRDA:9,5,0,0
BRDA:9,5,1,0
BRDA:14,6,0,0
BRDA:14,6,1,0
BRDA:19,7,0,0
BRDA:19,7,1,0
BRDA:20,8,0,0
BRDA:20,8,1,0
BRDA:20,9,0,0
BRDA:20,9,1,0
BRDA:25,10,0,0
BRDA:25,10,1,0
BRDA:34,11,0,0
BRDA:34,11,1,10
BRDA:34,12,0,10
BRDA:34,12,1,10
BRDA:38,13,0,0
BRDA:38,13,1,10
BRDA:38,14,0,10
BRDA:38,14,1,10
BRDA:42,15,0,1
BRDA:42,15,1,9
BRDA:52,16,0,1
BRDA:52,16,1,8
BRDA:56,17,0,1
BRDA:56,17,1,7
BRDA:60,18,0,1
BRDA:60,18,1,6
BRDA:64,19,0,1
BRDA:64,19,1,5
BRDA:68,20,0,1
BRDA:68,20,1,4
BRDA:72,21,0,4
BRDA:72,21,1,0
BRDA:75,22,0,0
BRDA:75,22,1,4
BRDA:75,23,0,4
BRDA:75,23,1,0
BRDA:80,24,0,4
BRDA:80,24,1,0
BRDA:83,25,0,2
BRDA:83,25,1,2
BRDA:83,26,0,4
BRDA:83,26,1,2
BRDA:92,27,0,0
BRDA:92,27,1,5
BRDA:92,28,0,5
BRDA:92,28,1,5
BRDA:97,29,0,1
BRDA:97,29,1,4
BRF:60
BRH:31
end_of_record
TN:
SF:src/infrastructure/observability/httpLogger.js
FN:4,correlationIdMiddleware
FN:12,requestLoggerMiddleware
FN:17,(anonymous_2)
FNF:3
FNH:3
FNDA:132,correlationIdMiddleware
FNDA:132,requestLoggerMiddleware
FNDA:131,(anonymous_2)
DA:5,132
DA:6,132
DA:7,132
DA:8,132
DA:9,132
DA:13,132
DA:14,132
DA:15,132
DA:17,132
DA:18,131
DA:19,131
DA:20,131
DA:23,132
LF:13
LH:13
BRDA:6,0,0,0
BRDA:6,0,1,132
BRDA:6,1,0,132
BRDA:6,1,1,0
BRF:4
BRH:2
end_of_record
TN:
SF:src/infrastructure/observability/logger.js
FN:13,getRequestLogger
FNF:1
FNH:0
FNDA:0,getRequestLogger
DA:4,33
DA:14,0
DA:15,0
LF:3
LH:1
BRDA:14,0,0,0
BRDA:14,0,1,0
BRF:2
BRH:0
end_of_record
TN:
SF:src/infrastructure/observability/metrics.js
FN:17,metricsMiddleware
FN:21,(anonymous_1)
FN:33,metricsHandler
FNF:3
FNH:2
FNDA:132,metricsMiddleware
FNDA:131,(anonymous_1)
FNDA:0,metricsHandler
DA:4,33
DA:5,33
DA:6,33
DA:8,33
DA:15,33
DA:19,132
DA:20,132
DA:21,132
DA:22,131
DA:23,131
DA:24,131
DA:25,131
DA:26,131
DA:30,132
DA:34,0
DA:35,0
LF:16
LH:14
BRDA:19,0,0,132
BRDA:19,0,1,132
BRDA:22,1,0,0
BRDA:22,1,1,131
BRDA:25,2,0,131
BRDA:25,2,1,0
BRDA:25,2,2,0
BRF:7
BRH:4
end_of_record
TN:
SF:src/infrastructure/observability/tracing.js
FN:6,initTracing
FN:33,(anonymous_1)
FN:36,(anonymous_2)
FNF:3
FNH:1
FNDA:33,initTracing
FNDA:0,(anonymous_1)
FNDA:0,(anonymous_2)
DA:4,33
DA:7,33
DA:8,33
DA:9,33
DA:10,0
DA:12,0
DA:13,0
DA:14,0
DA:15,0
DA:16,0
DA:18,0
DA:22,0
DA:30,0
DA:31,0
DA:33,0
DA:34,0
DA:36,0
DA:37,0
DA:41,0
LF:19
LH:4
BRDA:8,0,0,0
BRDA:8,0,1,33
BRDA:9,1,0,33
BRDA:9,1,1,0
BRDA:10,2,0,0
BRDA:10,2,1,0
BRF:6
BRH:2
end_of_record
TN:
SF:src/infrastructure/repositories/consult-repositories/consult.repository.read.js
FN:4,getAllConsult
FN:14,getConsultById
FN:23,getConsultByPatientId
FN:32,getConsultByDoctorId
FN:41,getConsultByDate
FNF:5
FNH:5
FNDA:3,getAllConsult
FNDA:8,getConsultById
FNDA:3,getConsultByPatientId
FNDA:3,getConsultByDoctorId
FNDA:2,getConsultByDate
DA:5,3
DA:6,3
DA:7,3
DA:8,2
DA:10,1
DA:15,8
DA:16,8
DA:17,8
DA:19,0
DA:24,3
DA:25,3
DA:26,2
DA:28,1
DA:33,3
DA:34,3
DA:35,2
DA:37,1
DA:42,2
DA:43,2
DA:44,2
DA:46,0
LF:21
LH:19
BRDA:4,0,0,3
BRDA:4,1,0,3
BRF:2
BRH:2
end_of_record
TN:
SF:src/infrastructure/repositories/consult-repositories/consult.repository.write.js
FN:3,createConsult
FN:19,updateConsultById
FN:27,deleteConsultById
FNF:3
FNH:3
FNDA:3,createConsult
FNDA:1,updateConsultById
FNDA:1,deleteConsultById
DA:4,3
DA:5,3
DA:13,3
DA:15,0
DA:20,1
DA:21,1
DA:23,0
DA:28,1
DA:29,1
DA:31,0
LF:10
LH:7
BRDA:3,0,0,3
BRDA:15,1,0,0
BRDA:15,1,1,0
BRDA:23,2,0,0
BRDA:23,2,1,0
BRDA:31,3,0,0
BRDA:31,3,1,0
BRF:7
BRH:1
end_of_record
TN:
SF:src/infrastructure/repositories/doctor-repositories/doctor.repository.read.js
FN:4,getAllDoctors
FN:14,getDoctorById
FN:23,getDoctorByName
FN:32,getDoctorBySpecialty
FNF:4
FNH:4
FNDA:3,getAllDoctors
FNDA:3,getDoctorById
FNDA:2,getDoctorByName
FNDA:3,getDoctorBySpecialty
DA:5,3
DA:6,3
DA:7,3
DA:8,2
DA:10,1
DA:15,3
DA:16,3
DA:17,3
DA:19,0
DA:24,2
DA:25,2
DA:26,2
DA:28,0
DA:33,3
DA:34,3
DA:35,2
DA:37,1
LF:17
LH:15
BRDA:4,0,0,3
BRDA:4,1,0,3
BRF:2
BRH:2
end_of_record
TN:
SF:src/infrastructure/repositories/doctor-repositories/doctor.repository.write.js
FN:3,createDoctor
FN:16,updateDoctorById
FN:27,deleteDoctorById
FNF:3
FNH:3
FNDA:3,createDoctor
FNDA:6,updateDoctorById
FNDA:3,deleteDoctorById
DA:4,3
DA:5,3
DA:10,3
DA:12,0
DA:17,6
DA:18,6
DA:23,0
DA:28,3
DA:29,3
DA:31,1
LF:10
LH:8
BRDA:12,0,0,0
BRDA:12,0,1,0
BRDA:16,1,0,6
BRDA:23,2,0,0
BRDA:23,2,1,0
BRDA:31,3,0,0
BRDA:31,3,1,0
BRF:7
BRH:1
end_of_record
TN:
SF:src/infrastructure/repositories/patient-repositories/patient.repository.read.js
FN:4,getAllPatients
FN:14,getPatientById
FN:23,getPatientByName
FN:32,getPatientByAge
FNF:4
FNH:4
FNDA:3,getAllPatients
FNDA:3,getPatientById
FNDA:2,getPatientByName
FNDA:3,getPatientByAge
DA:5,3
DA:6,3
DA:7,3
DA:8,2
DA:10,1
DA:15,3
DA:16,3
DA:17,3
DA:19,0
DA:24,2
DA:25,2
DA:26,2
DA:28,0
DA:33,3
DA:34,3
DA:35,2
DA:37,1
LF:17
LH:15
BRDA:4,0,0,3
BRDA:4,1,0,3
BRF:2
BRH:2
end_of_record
TN:
SF:src/infrastructure/repositories/patient-repositories/patient.repository.write.js
FN:3,createPatient
FN:16,updatePatientById
FN:27,deletePatientById
FNF:3
FNH:3
FNDA:5,createPatient
FNDA:6,updatePatientById
FNDA:3,deletePatientById
DA:4,5
DA:5,5
DA:10,5
DA:12,0
DA:17,6
DA:18,6
DA:23,0
DA:28,3
DA:29,3
DA:31,1
LF:10
LH:8
BRDA:12,0,0,0
BRDA:12,0,1,0
BRDA:16,1,0,6
BRDA:23,2,0,0
BRDA:23,2,1,0
BRDA:31,3,0,0
BRDA:31,3,1,0
BRF:7
BRH:1
end_of_record
TN:
SF:src/infrastructure/repositories/user-repositories/user.repository.read.js
FN:4,getAllUsers
FN:14,getUserById
FN:23,getUserByName
FN:36,getUserByEmail
FN:45,getUserByRole
FNF:5
FNH:5
FNDA:5,getAllUsers
FNDA:25,getUserById
FNDA:4,getUserByName
FNDA:2,getUserByEmail
FNDA:4,getUserByRole
DA:5,5
DA:6,5
DA:7,5
DA:8,5
DA:10,0
DA:15,25
DA:16,25
DA:17,24
DA:19,1
DA:24,4
DA:25,4
DA:26,4
DA:30,4
DA:32,0
DA:37,2
DA:38,2
DA:39,2
DA:41,0
DA:46,4
DA:47,4
DA:48,4
DA:52,4
DA:54,0
LF:23
LH:19
BRDA:4,0,0,0
BRDA:4,1,0,0
BRDA:23,2,0,0
BRDA:23,3,0,0
BRDA:45,4,0,0
BRDA:45,5,0,0
BRF:6
BRH:0
end_of_record
TN:
SF:src/infrastructure/repositories/user-repositories/user.repository.write.js
FN:5,createUser
FN:38,updateUserById
FN:85,deleteUserById
FN:110,updateUserPassword
FNF:4
FNH:4
FNDA:4,createUser
FNDA:4,updateUserById
FNDA:3,deleteUserById
FNDA:1,updateUserPassword
DA:6,4
DA:8,4
DA:9,4
DA:10,0
DA:12,4
DA:13,4
DA:14,1
DA:16,3
DA:23,3
DA:25,1
DA:26,1
DA:28,1
DA:29,1
DA:31,0
DA:32,0
DA:34,0
DA:39,4
DA:40,4
DA:41,4
DA:43,4
DA:44,12
DA:45,5
DA:49,4
DA:50,2
DA:52,2
DA:53,2
DA:54,0
DA:56,2
DA:57,2
DA:58,0
DA:62,4
DA:63,4
DA:64,0
DA:67,4
DA:69,4
DA:70,0
DA:73,4
DA:75,0
DA:76,0
DA:78,0
DA:79,0
DA:81,0
DA:86,3
DA:87,3
DA:88,3
DA:89,0
DA:92,3
DA:94,2
DA:95,1
DA:98,1
DA:100,2
DA:101,2
DA:103,2
DA:104,1
DA:106,1
DA:111,1
DA:112,1
DA:117,1
DA:118,0
DA:121,1
DA:123,1
DA:124,0
DA:127,1
DA:129,0
DA:130,0
DA:132,0
DA:133,0
DA:135,0
LF:68
LH:47
BRDA:5,0,0,4
BRDA:9,1,0,0
BRDA:9,1,1,4
BRDA:13,2,0,1
BRDA:13,2,1,3
BRDA:20,3,0,3
BRDA:20,3,1,0
BRDA:25,4,0,1
BRDA:25,4,1,0
BRDA:28,5,0,1
BRDA:28,5,1,0
BRDA:31,6,0,0
BRDA:31,6,1,0
BRDA:34,7,0,0
BRDA:34,7,1,0
BRDA:38,8,0,4
BRDA:44,9,0,5
BRDA:44,9,1,7
BRDA:49,10,0,2
BRDA:49,10,1,2
BRDA:53,11,0,0
BRDA:53,11,1,2
BRDA:57,12,0,0
BRDA:57,12,1,2
BRDA:63,13,0,0
BRDA:63,13,1,4
BRDA:69,14,0,0
BRDA:69,14,1,4
BRDA:75,15,0,0
BRDA:75,15,1,0
BRDA:78,16,0,0
BRDA:78,16,1,0
BRDA:81,17,0,0
BRDA:81,17,1,0
BRDA:85,18,0,3
BRDA:88,19,0,0
BRDA:88,19,1,3
BRDA:94,20,0,1
BRDA:94,20,1,1
BRDA:100,21,0,2
BRDA:100,21,1,0
BRDA:103,22,0,1
BRDA:103,22,1,1
BRDA:106,23,0,1
BRDA:106,23,1,0
BRDA:110,24,0,1
BRDA:117,25,0,0
BRDA:117,25,1,1
BRDA:123,26,0,0
BRDA:123,26,1,1
BRDA:129,27,0,0
BRDA:129,27,1,0
BRDA:132,28,0,0
BRDA:132,28,1,0
BRDA:135,29,0,0
BRDA:135,29,1,0
BRF:56
BRH:27
end_of_record
TN:
SF:src/infrastructure/schemas/consult.schema.js
FNF:0
FNH:0
DA:3,33
DA:28,33
LF:2
LH:2
BRF:0
BRH:0
end_of_record
TN:
SF:src/infrastructure/schemas/doctor.schema.js
FNF:0
FNH:0
DA:3,33
DA:19,33
LF:2
LH:2
BRF:0
BRH:0
end_of_record
TN:
SF:src/infrastructure/schemas/patient.schema.js
FNF:0
FNH:0
DA:3,33
DA:19,33
LF:2
LH:2
BRF:0
BRH:0
end_of_record
TN:
SF:src/infrastructure/schemas/request.schema.js
FNF:0
FNH:0
DA:3,33
DA:18,33
LF:2
LH:2
BRF:0
BRH:0
end_of_record
TN:
SF:src/infrastructure/schemas/user.schema.js
FN:43,(anonymous_0)
FNF:1
FNH:0
FNDA:0,(anonymous_0)
DA:5,33
DA:43,33
DA:44,0
DA:47,33
LF:4
LH:3
BRF:0
BRH:0
end_of_record
TN:
SF:src/test-helpers/test-utils.js
FN:7,generateToken
FNF:1
FNH:1
FNDA:102,generateToken
DA:5,18
DA:9,102
LF:2
LH:2
BRF:0
BRH:0
end_of_record
